2020-07-17 10:58:55,394 INFO o.a.j.u.JMeterUtils: Setting Locale to en_EN
2020-07-17 10:58:55,424 INFO o.a.j.JMeter: Loading user properties from: user.properties
2020-07-17 10:58:55,425 INFO o.a.j.JMeter: Loading system properties from: system.properties
2020-07-17 10:58:55,428 INFO o.a.j.JMeter: Copyright (c) 1998-2020 The Apache Software Foundation
2020-07-17 10:58:55,428 INFO o.a.j.JMeter: Version 5.3
2020-07-17 10:58:55,428 INFO o.a.j.JMeter: java.version=1.8.0_60
2020-07-17 10:58:55,428 INFO o.a.j.JMeter: java.vm.name=Java HotSpot(TM) 64-Bit Server VM
2020-07-17 10:58:55,428 INFO o.a.j.JMeter: os.name=Linux
2020-07-17 10:58:55,428 INFO o.a.j.JMeter: os.arch=amd64
2020-07-17 10:58:55,429 INFO o.a.j.JMeter: os.version=4.14.165-103.209.amzn1.x86_64
2020-07-17 10:58:55,429 INFO o.a.j.JMeter: file.encoding=UTF-8
2020-07-17 10:58:55,429 INFO o.a.j.JMeter: java.awt.headless=true
2020-07-17 10:58:55,429 INFO o.a.j.JMeter: Max memory     =1073741824
2020-07-17 10:58:55,429 INFO o.a.j.JMeter: Available Processors =2
2020-07-17 10:58:55,441 INFO o.a.j.JMeter: Default Locale=English (EN)
2020-07-17 10:58:55,442 INFO o.a.j.JMeter: JMeter  Locale=English (EN)
2020-07-17 10:58:55,442 INFO o.a.j.JMeter: JMeterHome=/home/webengage/kitchen/Apache-Jmeter-WebEngage
2020-07-17 10:58:55,442 INFO o.a.j.JMeter: user.dir  =/home/webengage/kitchen/Apache-Jmeter-WebEngage/bin
2020-07-17 10:58:55,442 INFO o.a.j.JMeter: PWD       =/home/webengage/kitchen/Apache-Jmeter-WebEngage/bin
2020-07-17 10:58:55,444 INFO o.a.j.JMeter: IP: 192.168.218.78 Name: ip-192-168-218-78 FullName: ip-192-168-218-78.ec2.internal
2020-07-17 10:58:55,460 INFO o.a.j.JMeter: Setting property 'jmeter.reportgenerator.outputdir' to:'/home/webengage/kitchen/Apache-Jmeter-WebEngage/bin/../web_report'
2020-07-17 10:58:55,468 INFO o.a.j.s.FileServer: Default base='/home/webengage/kitchen/Apache-Jmeter-WebEngage/bin'
2020-07-17 10:58:55,476 INFO o.a.j.s.FileServer: Set new base='/home/webengage/kitchen/Apache-Jmeter-WebEngage/bin/..'
2020-07-17 10:58:55,770 INFO o.a.j.s.SaveService: Testplan (JMX) version: 2.2. Testlog (JTL) version: 2.2
2020-07-17 10:58:55,804 INFO o.a.j.s.SaveService: Using SaveService properties file encoding UTF-8
2020-07-17 10:58:55,812 INFO o.a.j.s.SaveService: Using SaveService properties version 5.0
2020-07-17 10:58:55,825 INFO o.a.j.s.SaveService: Loading file: ../Rate_Limiting_Load_Testing.jmx
2020-07-17 10:58:55,889 INFO o.a.j.p.h.s.HTTPSamplerBase: Parser for text/html is org.apache.jmeter.protocol.http.parser.LagartoBasedHtmlParser
2020-07-17 10:58:55,889 INFO o.a.j.p.h.s.HTTPSamplerBase: Parser for application/xhtml+xml is org.apache.jmeter.protocol.http.parser.LagartoBasedHtmlParser
2020-07-17 10:58:55,890 INFO o.a.j.p.h.s.HTTPSamplerBase: Parser for application/xml is org.apache.jmeter.protocol.http.parser.LagartoBasedHtmlParser
2020-07-17 10:58:55,890 INFO o.a.j.p.h.s.HTTPSamplerBase: Parser for text/xml is org.apache.jmeter.protocol.http.parser.LagartoBasedHtmlParser
2020-07-17 10:58:55,890 INFO o.a.j.p.h.s.HTTPSamplerBase: Parser for text/vnd.wap.wml is org.apache.jmeter.protocol.http.parser.RegexpHTMLParser
2020-07-17 10:58:55,890 INFO o.a.j.p.h.s.HTTPSamplerBase: Parser for text/css is org.apache.jmeter.protocol.http.parser.CssParser
2020-07-17 10:58:56,032 INFO o.a.j.JMeter: Creating summariser <summary>
2020-07-17 10:58:56,042 INFO o.a.j.r.d.ReportGenerator: ReportGenerator will use for Parsing the separator: ','
2020-07-17 10:58:56,042 INFO o.a.j.r.d.ReportGenerator: Will generate report at end of test from  results file: ../results.csv
2020-07-17 10:58:56,042 INFO o.a.j.r.d.ReportGenerator: Reading report generator properties from: /home/webengage/kitchen/Apache-Jmeter-WebEngage/bin/reportgenerator.properties
2020-07-17 10:58:56,043 INFO o.a.j.r.d.ReportGenerator: Merging with JMeter properties
2020-07-17 10:58:56,051 INFO o.a.j.r.c.ReportGeneratorConfiguration: Property 'jmeter.reportgenerator.temp_dir' not found, using default value 'temp' instead.
2020-07-17 10:58:56,058 INFO o.a.j.r.c.ReportGeneratorConfiguration: Property 'jmeter.reportgenerator.apdex_per_transaction' not found, using default value 'null' instead.
2020-07-17 10:58:56,059 INFO o.a.j.r.c.ReportGeneratorConfiguration: apdex_per_transaction is empty, not APDEX per transaction customization
2020-07-17 10:58:56,059 INFO o.a.j.r.c.ReportGeneratorConfiguration: Property 'jmeter.reportgenerator.sample_filter' not found, using default value 'null' instead.
2020-07-17 10:58:56,059 INFO o.a.j.r.c.ReportGeneratorConfiguration: Property 'jmeter.reportgenerator.report_title' not found, using default value 'null' instead.
2020-07-17 10:58:56,059 INFO o.a.j.r.c.ReportGeneratorConfiguration: Property 'jmeter.reportgenerator.start_date' not found, using default value 'null' instead.
2020-07-17 10:58:56,060 INFO o.a.j.r.c.ReportGeneratorConfiguration: Property 'jmeter.reportgenerator.end_date' not found, using default value 'null' instead.
2020-07-17 10:58:56,060 INFO o.a.j.r.c.ReportGeneratorConfiguration: Property 'jmeter.reportgenerator.date_format' not found, using default value 'null' instead.
2020-07-17 10:58:56,061 INFO o.a.j.r.c.ReportGeneratorConfiguration: Will use date range start date: null, end date: null
2020-07-17 10:58:56,068 INFO o.a.j.r.c.ReportGeneratorConfiguration: Property 'jmeter.reportgenerator.graph.totalTPS.exclude_controllers' not found, using default value 'false' instead.
2020-07-17 10:58:56,068 INFO o.a.j.r.c.ReportGeneratorConfiguration: Property 'jmeter.reportgenerator.graph.activeThreadsOverTime.exclude_controllers' not found, using default value 'false' instead.
2020-07-17 10:58:56,069 INFO o.a.j.r.c.ReportGeneratorConfiguration: Property 'jmeter.reportgenerator.graph.timeVsThreads.exclude_controllers' not found, using default value 'false' instead.
2020-07-17 10:58:56,069 INFO o.a.j.r.c.ReportGeneratorConfiguration: Property 'jmeter.reportgenerator.graph.responseTimeDistribution.exclude_controllers' not found, using default value 'false' instead.
2020-07-17 10:58:56,069 INFO o.a.j.r.c.ReportGeneratorConfiguration: Property 'jmeter.reportgenerator.graph.transactionsPerSecond.exclude_controllers' not found, using default value 'false' instead.
2020-07-17 10:58:56,070 INFO o.a.j.r.c.ReportGeneratorConfiguration: Property 'jmeter.reportgenerator.graph.responseTimePercentiles.exclude_controllers' not found, using default value 'false' instead.
2020-07-17 10:58:56,070 INFO o.a.j.r.c.ReportGeneratorConfiguration: Property 'jmeter.reportgenerator.graph.responseTimePercentilesOverTime.exclude_controllers' not found, using default value 'false' instead.
2020-07-17 10:58:56,070 INFO o.a.j.r.c.ReportGeneratorConfiguration: Property 'jmeter.reportgenerator.graph.responseTimesOverTime.exclude_controllers' not found, using default value 'false' instead.
2020-07-17 10:58:56,071 INFO o.a.j.r.c.ReportGeneratorConfiguration: Property 'jmeter.reportgenerator.graph.connectTimeOverTime.exclude_controllers' not found, using default value 'false' instead.
2020-07-17 10:58:56,071 INFO o.a.j.r.c.ReportGeneratorConfiguration: Property 'jmeter.reportgenerator.graph.latenciesOverTime.exclude_controllers' not found, using default value 'false' instead.
2020-07-17 10:58:56,073 INFO o.a.j.r.c.ReportGeneratorConfiguration: Property 'jmeter.reportgenerator.exporter.json.filters_only_sample_series' not found, using default value 'true' instead.
2020-07-17 10:58:56,073 INFO o.a.j.r.c.ReportGeneratorConfiguration: Property 'jmeter.reportgenerator.exporter.json.series_filter' not found, using default value '' instead.
2020-07-17 10:58:56,073 INFO o.a.j.r.c.ReportGeneratorConfiguration: Property 'jmeter.reportgenerator.exporter.json.show_controllers_only' not found, using default value 'false' instead.
2020-07-17 10:58:56,074 INFO o.a.j.r.c.ReportGeneratorConfiguration: Property 'jmeter.reportgenerator.exporter.html.filters_only_sample_series' not found, using default value 'true' instead.
2020-07-17 10:58:56,074 INFO o.a.j.r.c.ReportGeneratorConfiguration: Property 'jmeter.reportgenerator.exporter.html.series_filter' not found, using default value '' instead.
2020-07-17 10:58:56,074 INFO o.a.j.r.c.ReportGeneratorConfiguration: Property 'jmeter.reportgenerator.exporter.html.show_controllers_only' not found, using default value 'false' instead.
2020-07-17 10:58:56,091 INFO o.a.j.e.StandardJMeterEngine: Running the test!
2020-07-17 10:58:56,092 INFO o.a.j.s.SampleEvent: List of sample_variables: []
2020-07-17 10:58:56,092 INFO o.a.j.s.SampleEvent: List of sample_variables: []
2020-07-17 10:58:56,103 INFO o.a.j.e.u.CompoundVariable: Note: Function class names must contain the string: '.functions.'
2020-07-17 10:58:56,103 INFO o.a.j.e.u.CompoundVariable: Note: Function class names must not contain the string: '.gui.'
2020-07-17 10:58:56,954 INFO o.a.j.r.ResultCollector: Folder at /home/webengage/kitchen/Apache-Jmeter-WebEngage/bin/load-testing/save_user was created
2020-07-17 10:58:56,957 INFO o.a.j.r.ResultCollector: Folder at /home/webengage/kitchen/Apache-Jmeter-WebEngage/bin/load-testing/save_users_bulk was created
2020-07-17 10:58:56,958 INFO o.a.j.r.ResultCollector: Folder at /home/webengage/kitchen/Apache-Jmeter-WebEngage/bin/load-testing/save_event was created
2020-07-17 10:58:56,958 INFO o.a.j.r.ResultCollector: Folder at /home/webengage/kitchen/Apache-Jmeter-WebEngage/bin/load-testing/save_events-bulk was created
2020-07-17 10:58:56,959 INFO o.a.j.r.ResultCollector: Folder at /home/webengage/kitchen/Apache-Jmeter-WebEngage/bin/load-testing/save_business_event was created
2020-07-17 10:58:56,960 INFO o.a.j.r.ResultCollector: Folder at /home/webengage/kitchen/Apache-Jmeter-WebEngage/bin/load-testing/transaction_message was created
2020-07-17 10:58:56,987 INFO o.a.j.JMeter: Running test (1594963736987)
2020-07-17 10:58:57,035 INFO o.a.j.e.StandardJMeterEngine: Starting ThreadGroup: 1 : Thread Group
2020-07-17 10:58:57,036 INFO o.a.j.e.StandardJMeterEngine: Starting 100 threads for group Thread Group.
2020-07-17 10:58:57,036 INFO o.a.j.e.StandardJMeterEngine: Thread will continue on error
2020-07-17 10:58:57,036 INFO o.a.j.t.ThreadGroup: Starting thread group... number=1 threads=100 ramp-up=1 delayedStart=false
2020-07-17 10:58:57,057 INFO o.a.j.t.JMeterThread: Thread started: Thread Group 1-1
2020-07-17 10:58:57,065 INFO o.a.j.t.JMeterThread: Thread started: Thread Group 1-2
2020-07-17 10:58:57,070 INFO o.a.j.t.JMeterThread: Thread started: Thread Group 1-3
2020-07-17 10:58:57,078 INFO o.a.j.t.JMeterThread: Thread started: Thread Group 1-4
2020-07-17 10:58:57,100 INFO o.a.j.t.JMeterThread: Thread started: Thread Group 1-5
2020-07-17 10:58:57,112 INFO o.a.j.t.JMeterThread: Thread started: Thread Group 1-7
2020-07-17 10:58:57,115 INFO o.a.j.t.JMeterThread: Thread started: Thread Group 1-6
2020-07-17 10:58:57,117 INFO o.a.j.t.JMeterThread: Thread started: Thread Group 1-8
2020-07-17 10:58:57,130 INFO o.a.j.t.JMeterThread: Thread started: Thread Group 1-9
2020-07-17 10:58:57,140 INFO o.a.j.t.JMeterThread: Thread started: Thread Group 1-10
2020-07-17 10:58:57,148 INFO o.a.j.p.h.s.HTTPHCAbstractImpl: Local host = ip-192-168-218-78
2020-07-17 10:58:57,150 INFO o.a.j.t.JMeterThread: Thread started: Thread Group 1-11
2020-07-17 10:58:57,157 INFO o.a.j.t.JMeterThread: Thread started: Thread Group 1-12
2020-07-17 10:58:57,169 INFO o.a.j.t.JMeterThread: Thread started: Thread Group 1-13
2020-07-17 10:58:57,178 INFO o.a.j.t.JMeterThread: Thread started: Thread Group 1-14
2020-07-17 10:58:57,182 INFO o.a.j.p.h.s.HTTPHC4Impl: HTTP request retry count = 0
2020-07-17 10:58:57,188 INFO o.a.j.s.SampleResult: Note: Sample TimeStamps are START times
2020-07-17 10:58:57,188 INFO o.a.j.s.SampleResult: sampleresult.default.encoding is set to ISO-8859-1
2020-07-17 10:58:57,188 INFO o.a.j.s.SampleResult: sampleresult.useNanoTime=true
2020-07-17 10:58:57,188 INFO o.a.j.s.SampleResult: sampleresult.nanoThreadSleep=5000
2020-07-17 10:58:57,190 INFO o.a.j.t.JMeterThread: Thread started: Thread Group 1-15
2020-07-17 10:58:57,205 INFO o.a.j.t.JMeterThread: Thread started: Thread Group 1-17
2020-07-17 10:58:57,205 INFO o.a.j.t.JMeterThread: Thread started: Thread Group 1-16
2020-07-17 10:58:57,215 INFO o.a.j.t.JMeterThread: Thread started: Thread Group 1-18
2020-07-17 10:58:57,225 INFO o.a.j.t.JMeterThread: Thread started: Thread Group 1-19
2020-07-17 10:58:57,236 INFO o.a.j.t.JMeterThread: Thread started: Thread Group 1-20
2020-07-17 10:58:57,244 INFO o.a.j.t.JMeterThread: Thread started: Thread Group 1-21
2020-07-17 10:58:57,271 INFO o.a.j.t.JMeterThread: Thread started: Thread Group 1-23
2020-07-17 10:58:57,276 INFO o.a.j.t.JMeterThread: Thread started: Thread Group 1-22
2020-07-17 10:58:57,284 INFO o.a.j.t.JMeterThread: Thread started: Thread Group 1-24
2020-07-17 10:58:57,290 INFO o.a.j.t.JMeterThread: Thread started: Thread Group 1-25
2020-07-17 10:58:57,320 INFO o.a.j.t.JMeterThread: Thread started: Thread Group 1-26
2020-07-17 10:58:57,323 INFO o.a.j.t.JMeterThread: Thread started: Thread Group 1-29
2020-07-17 10:58:57,325 INFO o.a.j.t.JMeterThread: Thread started: Thread Group 1-28
2020-07-17 10:58:57,325 INFO o.a.j.t.JMeterThread: Thread started: Thread Group 1-27
2020-07-17 10:58:57,334 INFO o.a.j.t.JMeterThread: Thread started: Thread Group 1-30
2020-07-17 10:58:57,350 INFO o.a.j.t.JMeterThread: Thread started: Thread Group 1-31
2020-07-17 10:58:57,356 INFO o.a.j.t.JMeterThread: Thread started: Thread Group 1-32
2020-07-17 10:58:57,364 INFO o.a.j.t.JMeterThread: Thread started: Thread Group 1-33
2020-07-17 10:58:57,369 INFO o.a.j.t.JMeterThread: Thread started: Thread Group 1-34
2020-07-17 10:58:57,382 INFO o.a.j.t.JMeterThread: Thread started: Thread Group 1-35
2020-07-17 10:58:57,391 INFO o.a.j.t.JMeterThread: Thread started: Thread Group 1-36
2020-07-17 10:58:57,400 INFO o.a.j.t.JMeterThread: Thread started: Thread Group 1-37
2020-07-17 10:58:57,410 INFO o.a.j.t.JMeterThread: Thread started: Thread Group 1-38
2020-07-17 10:58:57,420 INFO o.a.j.t.JMeterThread: Thread started: Thread Group 1-39
2020-07-17 10:58:57,431 INFO o.a.j.t.JMeterThread: Thread started: Thread Group 1-40
2020-07-17 10:58:57,442 INFO o.a.j.t.JMeterThread: Thread started: Thread Group 1-41
2020-07-17 10:58:57,450 INFO o.a.j.t.JMeterThread: Thread started: Thread Group 1-42
2020-07-17 10:58:57,473 INFO o.a.j.t.JMeterThread: Thread started: Thread Group 1-43
2020-07-17 10:58:57,484 INFO o.a.j.t.JMeterThread: Thread started: Thread Group 1-45
2020-07-17 10:58:57,486 INFO o.a.j.t.JMeterThread: Thread started: Thread Group 1-44
2020-07-17 10:58:57,494 INFO o.a.j.t.JMeterThread: Thread started: Thread Group 1-46
2020-07-17 10:58:57,517 INFO o.a.j.t.JMeterThread: Thread started: Thread Group 1-48
2020-07-17 10:58:57,527 INFO o.a.j.t.JMeterThread: Thread started: Thread Group 1-49
2020-07-17 10:58:57,527 INFO o.a.j.t.JMeterThread: Thread started: Thread Group 1-47
2020-07-17 10:58:57,535 INFO o.a.j.t.JMeterThread: Thread started: Thread Group 1-50
2020-07-17 10:58:57,545 INFO o.a.j.t.JMeterThread: Thread started: Thread Group 1-51
2020-07-17 10:58:57,557 INFO o.a.j.t.JMeterThread: Thread started: Thread Group 1-52
2020-07-17 10:58:57,566 INFO o.a.j.t.JMeterThread: Thread started: Thread Group 1-53
2020-07-17 10:58:57,575 INFO o.a.j.t.JMeterThread: Thread started: Thread Group 1-54
2020-07-17 10:58:57,587 INFO o.a.j.t.JMeterThread: Thread started: Thread Group 1-55
2020-07-17 10:58:57,594 INFO o.a.j.t.JMeterThread: Thread started: Thread Group 1-56
2020-07-17 10:58:57,613 INFO o.a.j.t.JMeterThread: Thread started: Thread Group 1-58
2020-07-17 10:58:57,617 INFO o.a.j.t.JMeterThread: Thread started: Thread Group 1-57
2020-07-17 10:58:57,626 INFO o.a.j.t.JMeterThread: Thread started: Thread Group 1-59
2020-07-17 10:58:57,658 INFO o.a.j.t.JMeterThread: Thread started: Thread Group 1-61
2020-07-17 10:58:57,660 INFO o.a.j.t.JMeterThread: Thread started: Thread Group 1-60
2020-07-17 10:58:57,671 INFO o.a.j.t.JMeterThread: Thread started: Thread Group 1-63
2020-07-17 10:58:57,673 INFO o.a.j.t.JMeterThread: Thread started: Thread Group 1-64
2020-07-17 10:58:57,679 INFO o.a.j.t.JMeterThread: Thread started: Thread Group 1-62
2020-07-17 10:58:57,683 INFO o.a.j.t.JMeterThread: Thread started: Thread Group 1-65
2020-07-17 10:58:57,691 INFO o.a.j.t.JMeterThread: Thread started: Thread Group 1-66
2020-07-17 10:58:57,734 INFO o.a.j.t.JMeterThread: Thread started: Thread Group 1-70
2020-07-17 10:58:57,737 INFO o.a.j.t.JMeterThread: Thread started: Thread Group 1-69
2020-07-17 10:58:57,741 INFO o.a.j.t.JMeterThread: Thread started: Thread Group 1-68
2020-07-17 10:58:57,744 INFO o.a.j.t.JMeterThread: Thread started: Thread Group 1-71
2020-07-17 10:58:57,762 INFO o.a.j.t.JMeterThread: Thread started: Thread Group 1-72
2020-07-17 10:58:57,763 INFO o.a.j.t.JMeterThread: Thread started: Thread Group 1-73
2020-07-17 10:58:57,773 INFO o.a.j.t.JMeterThread: Thread started: Thread Group 1-67
2020-07-17 10:58:57,786 INFO o.a.j.t.JMeterThread: Thread started: Thread Group 1-74
2020-07-17 10:58:57,787 INFO o.a.j.t.JMeterThread: Thread started: Thread Group 1-75
2020-07-17 10:58:57,796 INFO o.a.j.t.JMeterThread: Thread started: Thread Group 1-76
2020-07-17 10:58:57,803 INFO o.a.j.t.JMeterThread: Thread started: Thread Group 1-77
2020-07-17 10:58:57,821 INFO o.a.j.t.JMeterThread: Thread started: Thread Group 1-78
2020-07-17 10:58:57,845 INFO o.a.j.t.JMeterThread: Thread started: Thread Group 1-81
2020-07-17 10:58:57,878 INFO o.a.j.t.JMeterThread: Thread started: Thread Group 1-79
2020-07-17 10:58:57,880 INFO o.a.j.t.JMeterThread: Thread started: Thread Group 1-83
2020-07-17 10:58:57,889 INFO o.a.j.t.JMeterThread: Thread started: Thread Group 1-84
2020-07-17 10:58:57,909 INFO o.a.j.t.JMeterThread: Thread started: Thread Group 1-80
2020-07-17 10:58:58,107 INFO o.a.j.t.JMeterThread: Thread started: Thread Group 1-82
2020-07-17 10:58:58,273 INFO o.a.j.t.JMeterThread: Thread started: Thread Group 1-96
2020-07-17 10:58:58,311 INFO o.a.j.t.ThreadGroup: Started thread group number 1
2020-07-17 10:58:58,311 INFO o.a.j.e.StandardJMeterEngine: All thread groups have been started
2020-07-17 10:58:58,314 INFO o.a.j.t.JMeterThread: Thread started: Thread Group 1-94
2020-07-17 10:58:58,317 INFO o.a.j.t.JMeterThread: Thread started: Thread Group 1-95
2020-07-17 10:58:58,377 INFO o.a.j.t.JMeterThread: Thread started: Thread Group 1-88
2020-07-17 10:58:58,377 INFO o.a.j.t.JMeterThread: Thread started: Thread Group 1-87
2020-07-17 10:58:58,379 INFO o.a.j.t.JMeterThread: Thread started: Thread Group 1-89
2020-07-17 10:58:58,397 INFO o.a.j.t.JMeterThread: Thread started: Thread Group 1-91
2020-07-17 10:58:58,407 INFO o.a.j.t.JMeterThread: Thread started: Thread Group 1-86
2020-07-17 10:58:58,417 INFO o.a.j.t.JMeterThread: Thread started: Thread Group 1-85
2020-07-17 10:58:58,620 INFO o.a.j.t.JMeterThread: Thread started: Thread Group 1-90
2020-07-17 10:58:58,620 INFO o.a.j.t.JMeterThread: Thread started: Thread Group 1-92
2020-07-17 10:58:58,620 INFO o.a.j.t.JMeterThread: Thread started: Thread Group 1-93
2020-07-17 10:58:58,640 INFO o.a.j.t.JMeterThread: Thread started: Thread Group 1-98
2020-07-17 10:58:58,641 INFO o.a.j.t.JMeterThread: Thread started: Thread Group 1-97
2020-07-17 10:58:58,642 INFO o.a.j.t.JMeterThread: Thread started: Thread Group 1-99
2020-07-17 10:58:58,644 INFO o.a.j.t.JMeterThread: Thread started: Thread Group 1-100
2020-07-17 10:59:00,013 INFO o.a.j.r.Summariser: summary +    143 in 00:00:03 =   47.4/s Avg:   854 Min:    36 Max:  1394 Err:     0 (0.00%) Active: 100 Started: 100 Finished: 0
2020-07-17 10:59:02,300 INFO o.a.j.u.JsseSSLManager: Using default SSL protocol: TLS
2020-07-17 10:59:02,300 INFO o.a.j.u.JsseSSLManager: SSL session context: per-thread
2020-07-17 10:59:30,529 INFO o.a.j.r.Summariser: summary +   2270 in 00:00:31 =   74.4/s Avg:  1296 Min:     6 Max:  5030 Err:     0 (0.00%) Active: 100 Started: 100 Finished: 0
2020-07-17 10:59:30,529 INFO o.a.j.r.Summariser: summary =   2413 in 00:00:34 =   71.9/s Avg:  1270 Min:     6 Max:  5030 Err:     0 (0.00%)
2020-07-17 11:00:00,014 INFO o.a.j.r.Summariser: summary +   2430 in 00:00:29 =   82.4/s Avg:  1229 Min:     5 Max:  5453 Err:     0 (0.00%) Active: 100 Started: 100 Finished: 0
2020-07-17 11:00:00,027 INFO o.a.j.r.Summariser: summary =   4843 in 00:01:03 =   76.8/s Avg:  1249 Min:     5 Max:  5453 Err:     0 (0.00%)
2020-07-17 11:00:30,328 INFO o.a.j.r.Summariser: summary +   2517 in 00:00:30 =   83.9/s Avg:  1201 Min:     5 Max:  4666 Err:     0 (0.00%) Active: 100 Started: 100 Finished: 0
2020-07-17 11:00:30,328 INFO o.a.j.r.Summariser: summary =   7360 in 00:01:33 =   79.1/s Avg:  1233 Min:     5 Max:  5453 Err:     0 (0.00%)
2020-07-17 11:01:00,014 INFO o.a.j.r.Summariser: summary +   2576 in 00:00:30 =   85.8/s Avg:  1169 Min:     5 Max:  4582 Err:     0 (0.00%) Active: 100 Started: 100 Finished: 0
2020-07-17 11:01:00,015 INFO o.a.j.r.Summariser: summary =   9936 in 00:02:03 =   80.8/s Avg:  1216 Min:     5 Max:  5453 Err:     0 (0.00%)
2020-07-17 11:01:30,032 INFO o.a.j.r.Summariser: summary +   2567 in 00:00:30 =   85.5/s Avg:  1172 Min:     5 Max:  4863 Err:     0 (0.00%) Active: 100 Started: 100 Finished: 0
2020-07-17 11:01:30,033 INFO o.a.j.r.Summariser: summary =  12503 in 00:02:33 =   81.7/s Avg:  1207 Min:     5 Max:  5453 Err:     0 (0.00%)
2020-07-17 11:02:00,028 INFO o.a.j.r.Summariser: summary +   2505 in 00:00:30 =   83.5/s Avg:  1173 Min:     5 Max:  4959 Err:     0 (0.00%) Active: 100 Started: 100 Finished: 0
2020-07-17 11:02:00,028 INFO o.a.j.r.Summariser: summary =  15008 in 00:03:03 =   82.0/s Avg:  1201 Min:     5 Max:  5453 Err:     0 (0.00%)
2020-07-17 11:02:30,012 INFO o.a.j.r.Summariser: summary +   2599 in 00:00:30 =   86.7/s Avg:  1174 Min:     5 Max:  4709 Err:     0 (0.00%) Active: 100 Started: 100 Finished: 0
2020-07-17 11:02:30,013 INFO o.a.j.r.Summariser: summary =  17607 in 00:03:33 =   82.7/s Avg:  1197 Min:     5 Max:  5453 Err:     0 (0.00%)
2020-07-17 11:03:00,046 INFO o.a.j.r.Summariser: summary +   2640 in 00:00:30 =   87.9/s Avg:  1143 Min:     5 Max:  4840 Err:     0 (0.00%) Active: 100 Started: 100 Finished: 0
2020-07-17 11:03:00,046 INFO o.a.j.r.Summariser: summary =  20247 in 00:04:03 =   83.3/s Avg:  1190 Min:     5 Max:  5453 Err:     0 (0.00%)
2020-07-17 11:03:30,003 INFO o.a.j.r.Summariser: summary +   2595 in 00:00:30 =   86.6/s Avg:  1122 Min:     5 Max:  5388 Err:     0 (0.00%) Active: 100 Started: 100 Finished: 0
2020-07-17 11:03:30,004 INFO o.a.j.r.Summariser: summary =  22842 in 00:04:33 =   83.7/s Avg:  1182 Min:     5 Max:  5453 Err:     0 (0.00%)
2020-07-17 11:04:00,002 INFO o.a.j.r.Summariser: summary +   2642 in 00:00:30 =   88.1/s Avg:  1168 Min:     5 Max:  4692 Err:     0 (0.00%) Active: 100 Started: 100 Finished: 0
2020-07-17 11:04:00,002 INFO o.a.j.r.Summariser: summary =  25484 in 00:05:03 =   84.1/s Avg:  1181 Min:     5 Max:  5453 Err:     0 (0.00%)
2020-07-17 11:04:30,009 INFO o.a.j.r.Summariser: summary +   2742 in 00:00:30 =   91.4/s Avg:  1076 Min:     5 Max:  4588 Err:     0 (0.00%) Active: 100 Started: 100 Finished: 0
2020-07-17 11:04:30,010 INFO o.a.j.r.Summariser: summary =  28226 in 00:05:33 =   84.8/s Avg:  1171 Min:     5 Max:  5453 Err:     0 (0.00%)
2020-07-17 11:05:00,001 INFO o.a.j.r.Summariser: summary +   2760 in 00:00:30 =   92.0/s Avg:  1091 Min:     5 Max:  4275 Err:     0 (0.00%) Active: 100 Started: 100 Finished: 0
2020-07-17 11:05:00,002 INFO o.a.j.r.Summariser: summary =  30986 in 00:06:03 =   85.4/s Avg:  1164 Min:     5 Max:  5453 Err:     0 (0.00%)
2020-07-17 11:05:30,004 INFO o.a.j.r.Summariser: summary +   2711 in 00:00:30 =   90.4/s Avg:  1107 Min:     4 Max:  4644 Err:     0 (0.00%) Active: 100 Started: 100 Finished: 0
2020-07-17 11:05:30,004 INFO o.a.j.r.Summariser: summary =  33697 in 00:06:33 =   85.7/s Avg:  1159 Min:     4 Max:  5453 Err:     0 (0.00%)
2020-07-17 11:06:00,012 INFO o.a.j.r.Summariser: summary +   2716 in 00:00:30 =   90.5/s Avg:  1097 Min:     5 Max:  4484 Err:     0 (0.00%) Active: 100 Started: 100 Finished: 0
2020-07-17 11:06:00,013 INFO o.a.j.r.Summariser: summary =  36413 in 00:07:03 =   86.1/s Avg:  1154 Min:     4 Max:  5453 Err:     0 (0.00%)
2020-07-17 11:06:30,011 INFO o.a.j.r.Summariser: summary +   2763 in 00:00:30 =   92.1/s Avg:  1085 Min:     5 Max:  4475 Err:     0 (0.00%) Active: 100 Started: 100 Finished: 0
2020-07-17 11:06:30,011 INFO o.a.j.r.Summariser: summary =  39176 in 00:07:33 =   86.5/s Avg:  1150 Min:     4 Max:  5453 Err:     0 (0.00%)
2020-07-17 11:07:00,006 INFO o.a.j.r.Summariser: summary +   2750 in 00:00:30 =   91.7/s Avg:  1085 Min:     5 Max:  4290 Err:     0 (0.00%) Active: 100 Started: 100 Finished: 0
2020-07-17 11:07:00,007 INFO o.a.j.r.Summariser: summary =  41926 in 00:08:03 =   86.8/s Avg:  1145 Min:     4 Max:  5453 Err:     0 (0.00%)
2020-07-17 11:07:30,008 INFO o.a.j.r.Summariser: summary +   2766 in 00:00:30 =   92.2/s Avg:  1091 Min:     5 Max:  4771 Err:     0 (0.00%) Active: 100 Started: 100 Finished: 0
2020-07-17 11:07:30,009 INFO o.a.j.r.Summariser: summary =  44692 in 00:08:33 =   87.1/s Avg:  1142 Min:     4 Max:  5453 Err:     0 (0.00%)
2020-07-17 11:08:00,001 INFO o.a.j.r.Summariser: summary +   2760 in 00:00:30 =   92.0/s Avg:  1095 Min:     5 Max:  4474 Err:     0 (0.00%) Active: 100 Started: 100 Finished: 0
2020-07-17 11:08:00,002 INFO o.a.j.r.Summariser: summary =  47452 in 00:09:03 =   87.4/s Avg:  1139 Min:     4 Max:  5453 Err:     0 (0.00%)
2020-07-17 11:08:30,007 INFO o.a.j.r.Summariser: summary +   2770 in 00:00:30 =   92.3/s Avg:  1081 Min:     4 Max:  4710 Err:     0 (0.00%) Active: 100 Started: 100 Finished: 0
2020-07-17 11:08:30,008 INFO o.a.j.r.Summariser: summary =  50222 in 00:09:33 =   87.6/s Avg:  1136 Min:     4 Max:  5453 Err:     0 (0.00%)
2020-07-17 11:09:00,026 INFO o.a.j.r.Summariser: summary +   2701 in 00:00:30 =   90.0/s Avg:  1086 Min:     5 Max:  4532 Err:     0 (0.00%) Active: 100 Started: 100 Finished: 0
2020-07-17 11:09:00,028 INFO o.a.j.r.Summariser: summary =  52923 in 00:10:03 =   87.8/s Avg:  1133 Min:     4 Max:  5453 Err:     0 (0.00%)
2020-07-17 11:09:30,003 INFO o.a.j.r.Summariser: summary +   2779 in 00:00:30 =   92.6/s Avg:  1088 Min:     5 Max:  4494 Err:     0 (0.00%) Active: 100 Started: 100 Finished: 0
2020-07-17 11:09:30,004 INFO o.a.j.r.Summariser: summary =  55702 in 00:10:33 =   88.0/s Avg:  1131 Min:     4 Max:  5453 Err:     0 (0.00%)
2020-07-17 11:09:34,738 INFO o.a.j.t.JMeterThread: Thread is done: Thread Group 1-79
2020-07-17 11:09:34,738 INFO o.a.j.t.JMeterThread: Thread finished: Thread Group 1-79
2020-07-17 11:09:55,170 INFO o.a.j.t.JMeterThread: Thread is done: Thread Group 1-22
2020-07-17 11:09:55,170 INFO o.a.j.t.JMeterThread: Thread finished: Thread Group 1-22
2020-07-17 11:09:56,216 INFO o.a.j.t.JMeterThread: Thread is done: Thread Group 1-60
2020-07-17 11:09:56,216 INFO o.a.j.t.JMeterThread: Thread finished: Thread Group 1-60
2020-07-17 11:09:56,278 INFO o.a.j.t.JMeterThread: Thread is done: Thread Group 1-8
2020-07-17 11:09:56,278 INFO o.a.j.t.JMeterThread: Thread finished: Thread Group 1-8
2020-07-17 11:09:56,913 INFO o.a.j.t.JMeterThread: Thread is done: Thread Group 1-59
2020-07-17 11:09:56,914 INFO o.a.j.t.JMeterThread: Thread finished: Thread Group 1-59
2020-07-17 11:09:58,214 INFO o.a.j.t.JMeterThread: Thread is done: Thread Group 1-50
2020-07-17 11:09:58,215 INFO o.a.j.t.JMeterThread: Thread finished: Thread Group 1-50
2020-07-17 11:09:59,794 INFO o.a.j.t.JMeterThread: Thread is done: Thread Group 1-63
2020-07-17 11:09:59,794 INFO o.a.j.t.JMeterThread: Thread finished: Thread Group 1-63
2020-07-17 11:10:00,017 INFO o.a.j.r.Summariser: summary +   2755 in 00:00:30 =   91.8/s Avg:  1089 Min:     5 Max:  4420 Err:     0 (0.00%) Active: 93 Started: 100 Finished: 7
2020-07-17 11:10:00,017 INFO o.a.j.r.Summariser: summary =  58457 in 00:11:03 =   88.2/s Avg:  1129 Min:     4 Max:  5453 Err:     0 (0.00%)
2020-07-17 11:10:00,206 INFO o.a.j.t.JMeterThread: Thread is done: Thread Group 1-75
2020-07-17 11:10:00,206 INFO o.a.j.t.JMeterThread: Thread finished: Thread Group 1-75
2020-07-17 11:10:00,499 INFO o.a.j.t.JMeterThread: Thread is done: Thread Group 1-64
2020-07-17 11:10:00,500 INFO o.a.j.t.JMeterThread: Thread finished: Thread Group 1-64
2020-07-17 11:10:00,667 INFO o.a.j.t.JMeterThread: Thread is done: Thread Group 1-71
2020-07-17 11:10:00,667 INFO o.a.j.t.JMeterThread: Thread finished: Thread Group 1-71
2020-07-17 11:10:00,866 INFO o.a.j.t.JMeterThread: Thread is done: Thread Group 1-32
2020-07-17 11:10:00,866 INFO o.a.j.t.JMeterThread: Thread finished: Thread Group 1-32
2020-07-17 11:10:01,046 INFO o.a.j.t.JMeterThread: Thread is done: Thread Group 1-34
2020-07-17 11:10:01,047 INFO o.a.j.t.JMeterThread: Thread finished: Thread Group 1-34
2020-07-17 11:10:01,899 INFO o.a.j.t.JMeterThread: Thread is done: Thread Group 1-94
2020-07-17 11:10:01,899 INFO o.a.j.t.JMeterThread: Thread finished: Thread Group 1-94
2020-07-17 11:10:02,382 INFO o.a.j.t.JMeterThread: Thread is done: Thread Group 1-1
2020-07-17 11:10:02,382 INFO o.a.j.t.JMeterThread: Thread finished: Thread Group 1-1
2020-07-17 11:10:02,641 INFO o.a.j.t.JMeterThread: Thread is done: Thread Group 1-72
2020-07-17 11:10:02,641 INFO o.a.j.t.JMeterThread: Thread finished: Thread Group 1-72
2020-07-17 11:10:02,717 INFO o.a.j.t.JMeterThread: Thread is done: Thread Group 1-86
2020-07-17 11:10:02,717 INFO o.a.j.t.JMeterThread: Thread finished: Thread Group 1-86
2020-07-17 11:10:03,205 INFO o.a.j.t.JMeterThread: Thread is done: Thread Group 1-92
2020-07-17 11:10:03,206 INFO o.a.j.t.JMeterThread: Thread finished: Thread Group 1-92
2020-07-17 11:10:03,218 INFO o.a.j.t.JMeterThread: Thread is done: Thread Group 1-17
2020-07-17 11:10:03,218 INFO o.a.j.t.JMeterThread: Thread finished: Thread Group 1-17
2020-07-17 11:10:04,226 INFO o.a.j.t.JMeterThread: Thread is done: Thread Group 1-84
2020-07-17 11:10:04,226 INFO o.a.j.t.JMeterThread: Thread finished: Thread Group 1-84
2020-07-17 11:10:04,544 INFO o.a.j.t.JMeterThread: Thread is done: Thread Group 1-90
2020-07-17 11:10:04,545 INFO o.a.j.t.JMeterThread: Thread finished: Thread Group 1-90
2020-07-17 11:10:05,817 INFO o.a.j.t.JMeterThread: Thread is done: Thread Group 1-88
2020-07-17 11:10:05,817 INFO o.a.j.t.JMeterThread: Thread finished: Thread Group 1-88
2020-07-17 11:10:06,105 INFO o.a.j.t.JMeterThread: Thread is done: Thread Group 1-65
2020-07-17 11:10:06,105 INFO o.a.j.t.JMeterThread: Thread finished: Thread Group 1-65
2020-07-17 11:10:07,013 INFO o.a.j.t.JMeterThread: Thread is done: Thread Group 1-74
2020-07-17 11:10:07,013 INFO o.a.j.t.JMeterThread: Thread finished: Thread Group 1-74
2020-07-17 11:10:07,037 INFO o.a.j.t.JMeterThread: Thread is done: Thread Group 1-37
2020-07-17 11:10:07,037 INFO o.a.j.t.JMeterThread: Thread finished: Thread Group 1-37
2020-07-17 11:10:07,295 INFO o.a.j.t.JMeterThread: Thread is done: Thread Group 1-45
2020-07-17 11:10:07,295 INFO o.a.j.t.JMeterThread: Thread finished: Thread Group 1-45
2020-07-17 11:10:07,322 INFO o.a.j.t.JMeterThread: Thread is done: Thread Group 1-9
2020-07-17 11:10:07,322 INFO o.a.j.t.JMeterThread: Thread finished: Thread Group 1-9
2020-07-17 11:10:07,349 INFO o.a.j.t.JMeterThread: Thread is done: Thread Group 1-29
2020-07-17 11:10:07,350 INFO o.a.j.t.JMeterThread: Thread finished: Thread Group 1-29
2020-07-17 11:10:07,641 INFO o.a.j.t.JMeterThread: Thread is done: Thread Group 1-100
2020-07-17 11:10:07,641 INFO o.a.j.t.JMeterThread: Thread finished: Thread Group 1-100
2020-07-17 11:10:08,032 INFO o.a.j.t.JMeterThread: Thread is done: Thread Group 1-48
2020-07-17 11:10:08,032 INFO o.a.j.t.JMeterThread: Thread finished: Thread Group 1-48
2020-07-17 11:10:08,104 INFO o.a.j.t.JMeterThread: Thread is done: Thread Group 1-81
2020-07-17 11:10:08,104 INFO o.a.j.t.JMeterThread: Thread finished: Thread Group 1-81
2020-07-17 11:10:08,432 INFO o.a.j.t.JMeterThread: Thread is done: Thread Group 1-46
2020-07-17 11:10:08,432 INFO o.a.j.t.JMeterThread: Thread finished: Thread Group 1-46
2020-07-17 11:10:09,291 INFO o.a.j.t.JMeterThread: Thread is done: Thread Group 1-20
2020-07-17 11:10:09,292 INFO o.a.j.t.JMeterThread: Thread finished: Thread Group 1-20
2020-07-17 11:10:09,600 INFO o.a.j.t.JMeterThread: Thread is done: Thread Group 1-31
2020-07-17 11:10:09,600 INFO o.a.j.t.JMeterThread: Thread finished: Thread Group 1-31
2020-07-17 11:10:09,605 INFO o.a.j.t.JMeterThread: Thread is done: Thread Group 1-6
2020-07-17 11:10:09,605 INFO o.a.j.t.JMeterThread: Thread finished: Thread Group 1-6
2020-07-17 11:10:09,653 INFO o.a.j.t.JMeterThread: Thread is done: Thread Group 1-76
2020-07-17 11:10:09,653 INFO o.a.j.t.JMeterThread: Thread finished: Thread Group 1-76
2020-07-17 11:10:09,774 INFO o.a.j.t.JMeterThread: Thread is done: Thread Group 1-57
2020-07-17 11:10:09,774 INFO o.a.j.t.JMeterThread: Thread finished: Thread Group 1-57
2020-07-17 11:10:09,846 INFO o.a.j.t.JMeterThread: Thread is done: Thread Group 1-2
2020-07-17 11:10:09,846 INFO o.a.j.t.JMeterThread: Thread finished: Thread Group 1-2
2020-07-17 11:10:10,011 INFO o.a.j.t.JMeterThread: Thread is done: Thread Group 1-36
2020-07-17 11:10:10,012 INFO o.a.j.t.JMeterThread: Thread finished: Thread Group 1-36
2020-07-17 11:10:10,050 INFO o.a.j.t.JMeterThread: Thread is done: Thread Group 1-91
2020-07-17 11:10:10,051 INFO o.a.j.t.JMeterThread: Thread finished: Thread Group 1-91
2020-07-17 11:10:10,081 INFO o.a.j.t.JMeterThread: Thread is done: Thread Group 1-97
2020-07-17 11:10:10,081 INFO o.a.j.t.JMeterThread: Thread finished: Thread Group 1-97
2020-07-17 11:10:10,088 INFO o.a.j.t.JMeterThread: Thread is done: Thread Group 1-25
2020-07-17 11:10:10,088 INFO o.a.j.t.JMeterThread: Thread finished: Thread Group 1-25
2020-07-17 11:10:10,540 INFO o.a.j.t.JMeterThread: Thread is done: Thread Group 1-69
2020-07-17 11:10:10,540 INFO o.a.j.t.JMeterThread: Thread finished: Thread Group 1-69
2020-07-17 11:10:10,632 INFO o.a.j.t.JMeterThread: Thread is done: Thread Group 1-11
2020-07-17 11:10:10,633 INFO o.a.j.t.JMeterThread: Thread finished: Thread Group 1-11
2020-07-17 11:10:10,725 INFO o.a.j.t.JMeterThread: Thread is done: Thread Group 1-83
2020-07-17 11:10:10,726 INFO o.a.j.t.JMeterThread: Thread finished: Thread Group 1-83
2020-07-17 11:10:11,410 INFO o.a.j.t.JMeterThread: Thread is done: Thread Group 1-68
2020-07-17 11:10:11,410 INFO o.a.j.t.JMeterThread: Thread finished: Thread Group 1-68
2020-07-17 11:10:12,195 INFO o.a.j.t.JMeterThread: Thread is done: Thread Group 1-95
2020-07-17 11:10:12,195 INFO o.a.j.t.JMeterThread: Thread finished: Thread Group 1-95
2020-07-17 11:10:12,369 INFO o.a.j.t.JMeterThread: Thread is done: Thread Group 1-87
2020-07-17 11:10:12,369 INFO o.a.j.t.JMeterThread: Thread finished: Thread Group 1-87
2020-07-17 11:10:12,566 INFO o.a.j.t.JMeterThread: Thread is done: Thread Group 1-47
2020-07-17 11:10:12,567 INFO o.a.j.t.JMeterThread: Thread finished: Thread Group 1-47
2020-07-17 11:10:12,775 INFO o.a.j.t.JMeterThread: Thread is done: Thread Group 1-3
2020-07-17 11:10:12,775 INFO o.a.j.t.JMeterThread: Thread finished: Thread Group 1-3
2020-07-17 11:10:12,778 INFO o.a.j.t.JMeterThread: Thread is done: Thread Group 1-16
2020-07-17 11:10:12,778 INFO o.a.j.t.JMeterThread: Thread finished: Thread Group 1-16
2020-07-17 11:10:12,785 INFO o.a.j.t.JMeterThread: Thread is done: Thread Group 1-30
2020-07-17 11:10:12,785 INFO o.a.j.t.JMeterThread: Thread finished: Thread Group 1-30
2020-07-17 11:10:12,866 INFO o.a.j.t.JMeterThread: Thread is done: Thread Group 1-39
2020-07-17 11:10:12,866 INFO o.a.j.t.JMeterThread: Thread finished: Thread Group 1-39
2020-07-17 11:10:12,869 INFO o.a.j.t.JMeterThread: Thread is done: Thread Group 1-56
2020-07-17 11:10:12,869 INFO o.a.j.t.JMeterThread: Thread finished: Thread Group 1-56
2020-07-17 11:10:13,294 INFO o.a.j.t.JMeterThread: Thread is done: Thread Group 1-78
2020-07-17 11:10:13,294 INFO o.a.j.t.JMeterThread: Thread finished: Thread Group 1-78
2020-07-17 11:10:13,316 INFO o.a.j.t.JMeterThread: Thread is done: Thread Group 1-96
2020-07-17 11:10:13,317 INFO o.a.j.t.JMeterThread: Thread finished: Thread Group 1-96
2020-07-17 11:10:13,446 INFO o.a.j.t.JMeterThread: Thread is done: Thread Group 1-18
2020-07-17 11:10:13,447 INFO o.a.j.t.JMeterThread: Thread finished: Thread Group 1-18
2020-07-17 11:10:13,559 INFO o.a.j.t.JMeterThread: Thread is done: Thread Group 1-82
2020-07-17 11:10:13,559 INFO o.a.j.t.JMeterThread: Thread finished: Thread Group 1-82
2020-07-17 11:10:13,637 INFO o.a.j.t.JMeterThread: Thread is done: Thread Group 1-52
2020-07-17 11:10:13,637 INFO o.a.j.t.JMeterThread: Thread finished: Thread Group 1-52
2020-07-17 11:10:13,648 INFO o.a.j.t.JMeterThread: Thread is done: Thread Group 1-93
2020-07-17 11:10:13,649 INFO o.a.j.t.JMeterThread: Thread finished: Thread Group 1-93
2020-07-17 11:10:13,691 INFO o.a.j.t.JMeterThread: Thread is done: Thread Group 1-26
2020-07-17 11:10:13,691 INFO o.a.j.t.JMeterThread: Thread finished: Thread Group 1-26
2020-07-17 11:10:14,110 INFO o.a.j.t.JMeterThread: Thread is done: Thread Group 1-58
2020-07-17 11:10:14,110 INFO o.a.j.t.JMeterThread: Thread finished: Thread Group 1-58
2020-07-17 11:10:14,199 INFO o.a.j.t.JMeterThread: Thread is done: Thread Group 1-66
2020-07-17 11:10:14,199 INFO o.a.j.t.JMeterThread: Thread finished: Thread Group 1-66
2020-07-17 11:10:15,135 INFO o.a.j.t.JMeterThread: Thread is done: Thread Group 1-38
2020-07-17 11:10:15,135 INFO o.a.j.t.JMeterThread: Thread finished: Thread Group 1-38
2020-07-17 11:10:15,322 INFO o.a.j.t.JMeterThread: Thread is done: Thread Group 1-35
2020-07-17 11:10:15,322 INFO o.a.j.t.JMeterThread: Thread finished: Thread Group 1-35
2020-07-17 11:10:15,368 INFO o.a.j.t.JMeterThread: Thread is done: Thread Group 1-41
2020-07-17 11:10:15,368 INFO o.a.j.t.JMeterThread: Thread finished: Thread Group 1-41
2020-07-17 11:10:15,502 INFO o.a.j.t.JMeterThread: Thread is done: Thread Group 1-61
2020-07-17 11:10:15,502 INFO o.a.j.t.JMeterThread: Thread finished: Thread Group 1-61
2020-07-17 11:10:15,539 INFO o.a.j.t.JMeterThread: Thread is done: Thread Group 1-67
2020-07-17 11:10:15,540 INFO o.a.j.t.JMeterThread: Thread finished: Thread Group 1-67
2020-07-17 11:10:15,544 INFO o.a.j.t.JMeterThread: Thread is done: Thread Group 1-28
2020-07-17 11:10:15,544 INFO o.a.j.t.JMeterThread: Thread finished: Thread Group 1-28
2020-07-17 11:10:15,761 INFO o.a.j.t.JMeterThread: Thread is done: Thread Group 1-44
2020-07-17 11:10:15,762 INFO o.a.j.t.JMeterThread: Thread finished: Thread Group 1-44
2020-07-17 11:10:15,901 INFO o.a.j.t.JMeterThread: Thread is done: Thread Group 1-23
2020-07-17 11:10:15,902 INFO o.a.j.t.JMeterThread: Thread finished: Thread Group 1-23
2020-07-17 11:10:15,934 INFO o.a.j.t.JMeterThread: Thread is done: Thread Group 1-7
2020-07-17 11:10:15,934 INFO o.a.j.t.JMeterThread: Thread finished: Thread Group 1-7
2020-07-17 11:10:16,048 INFO o.a.j.t.JMeterThread: Thread is done: Thread Group 1-14
2020-07-17 11:10:16,048 INFO o.a.j.t.JMeterThread: Thread finished: Thread Group 1-14
2020-07-17 11:10:16,073 INFO o.a.j.t.JMeterThread: Thread is done: Thread Group 1-27
2020-07-17 11:10:16,073 INFO o.a.j.t.JMeterThread: Thread finished: Thread Group 1-27
2020-07-17 11:10:16,079 INFO o.a.j.t.JMeterThread: Thread is done: Thread Group 1-10
2020-07-17 11:10:16,079 INFO o.a.j.t.JMeterThread: Thread finished: Thread Group 1-10
2020-07-17 11:10:16,212 INFO o.a.j.t.JMeterThread: Thread is done: Thread Group 1-15
2020-07-17 11:10:16,212 INFO o.a.j.t.JMeterThread: Thread finished: Thread Group 1-15
2020-07-17 11:10:16,374 INFO o.a.j.t.JMeterThread: Thread is done: Thread Group 1-89
2020-07-17 11:10:16,374 INFO o.a.j.t.JMeterThread: Thread finished: Thread Group 1-89
2020-07-17 11:10:16,375 INFO o.a.j.t.JMeterThread: Thread is done: Thread Group 1-55
2020-07-17 11:10:16,375 INFO o.a.j.t.JMeterThread: Thread finished: Thread Group 1-55
2020-07-17 11:10:16,374 INFO o.a.j.t.JMeterThread: Thread is done: Thread Group 1-33
2020-07-17 11:10:16,378 INFO o.a.j.t.JMeterThread: Thread finished: Thread Group 1-33
2020-07-17 11:10:16,379 INFO o.a.j.t.JMeterThread: Thread is done: Thread Group 1-73
2020-07-17 11:10:16,379 INFO o.a.j.t.JMeterThread: Thread finished: Thread Group 1-73
2020-07-17 11:10:16,494 INFO o.a.j.t.JMeterThread: Thread is done: Thread Group 1-42
2020-07-17 11:10:16,494 INFO o.a.j.t.JMeterThread: Thread finished: Thread Group 1-42
2020-07-17 11:10:16,748 INFO o.a.j.t.JMeterThread: Thread is done: Thread Group 1-19
2020-07-17 11:10:16,748 INFO o.a.j.t.JMeterThread: Thread finished: Thread Group 1-19
2020-07-17 11:10:16,984 INFO o.a.j.t.JMeterThread: Thread is done: Thread Group 1-98
2020-07-17 11:10:16,984 INFO o.a.j.t.JMeterThread: Thread finished: Thread Group 1-98
2020-07-17 11:10:17,049 INFO o.a.j.t.JMeterThread: Thread is done: Thread Group 1-99
2020-07-17 11:10:17,049 INFO o.a.j.t.JMeterThread: Thread finished: Thread Group 1-99
2020-07-17 11:10:17,063 INFO o.a.j.t.JMeterThread: Thread is done: Thread Group 1-54
2020-07-17 11:10:17,063 INFO o.a.j.t.JMeterThread: Thread finished: Thread Group 1-54
2020-07-17 11:10:17,106 INFO o.a.j.t.JMeterThread: Thread is done: Thread Group 1-85
2020-07-17 11:10:17,107 INFO o.a.j.t.JMeterThread: Thread finished: Thread Group 1-85
2020-07-17 11:10:17,124 INFO o.a.j.t.JMeterThread: Thread is done: Thread Group 1-53
2020-07-17 11:10:17,124 INFO o.a.j.t.JMeterThread: Thread finished: Thread Group 1-53
2020-07-17 11:10:17,234 INFO o.a.j.t.JMeterThread: Thread is done: Thread Group 1-21
2020-07-17 11:10:17,234 INFO o.a.j.t.JMeterThread: Thread finished: Thread Group 1-21
2020-07-17 11:10:17,293 INFO o.a.j.t.JMeterThread: Thread is done: Thread Group 1-77
2020-07-17 11:10:17,293 INFO o.a.j.t.JMeterThread: Thread finished: Thread Group 1-77
2020-07-17 11:10:17,333 INFO o.a.j.t.JMeterThread: Thread is done: Thread Group 1-80
2020-07-17 11:10:17,333 INFO o.a.j.t.JMeterThread: Thread finished: Thread Group 1-80
2020-07-17 11:10:17,469 INFO o.a.j.t.JMeterThread: Thread is done: Thread Group 1-40
2020-07-17 11:10:17,469 INFO o.a.j.t.JMeterThread: Thread finished: Thread Group 1-40
2020-07-17 11:10:17,488 INFO o.a.j.t.JMeterThread: Thread is done: Thread Group 1-70
2020-07-17 11:10:17,488 INFO o.a.j.t.JMeterThread: Thread finished: Thread Group 1-70
2020-07-17 11:10:17,495 INFO o.a.j.t.JMeterThread: Thread is done: Thread Group 1-43
2020-07-17 11:10:17,495 INFO o.a.j.t.JMeterThread: Thread finished: Thread Group 1-43
2020-07-17 11:10:17,581 INFO o.a.j.t.JMeterThread: Thread is done: Thread Group 1-24
2020-07-17 11:10:17,581 INFO o.a.j.t.JMeterThread: Thread finished: Thread Group 1-24
2020-07-17 11:10:17,601 INFO o.a.j.t.JMeterThread: Thread is done: Thread Group 1-51
2020-07-17 11:10:17,601 INFO o.a.j.t.JMeterThread: Thread finished: Thread Group 1-51
2020-07-17 11:10:17,611 INFO o.a.j.t.JMeterThread: Thread is done: Thread Group 1-13
2020-07-17 11:10:17,611 INFO o.a.j.t.JMeterThread: Thread finished: Thread Group 1-13
2020-07-17 11:10:17,636 INFO o.a.j.t.JMeterThread: Thread is done: Thread Group 1-49
2020-07-17 11:10:17,636 INFO o.a.j.t.JMeterThread: Thread finished: Thread Group 1-49
2020-07-17 11:10:17,725 INFO o.a.j.t.JMeterThread: Thread is done: Thread Group 1-5
2020-07-17 11:10:17,726 INFO o.a.j.t.JMeterThread: Thread finished: Thread Group 1-5
2020-07-17 11:10:17,842 INFO o.a.j.t.JMeterThread: Thread is done: Thread Group 1-12
2020-07-17 11:10:17,842 INFO o.a.j.t.JMeterThread: Thread finished: Thread Group 1-12
2020-07-17 11:10:17,876 INFO o.a.j.t.JMeterThread: Thread is done: Thread Group 1-62
2020-07-17 11:10:17,876 INFO o.a.j.t.JMeterThread: Thread finished: Thread Group 1-62
2020-07-17 11:10:18,022 INFO o.a.j.t.JMeterThread: Thread is done: Thread Group 1-4
2020-07-17 11:10:18,022 INFO o.a.j.t.JMeterThread: Thread finished: Thread Group 1-4
2020-07-17 11:10:18,023 INFO o.a.j.e.StandardJMeterEngine: Notifying test listeners of end of test
2020-07-17 11:10:18,024 INFO o.a.j.r.Summariser: summary +   1543 in 00:00:18 =   85.7/s Avg:   769 Min:     5 Max:  4134 Err:     0 (0.00%) Active: 0 Started: 100 Finished: 100
2020-07-17 11:10:18,025 INFO o.a.j.r.Summariser: summary =  60000 in 00:11:21 =   88.1/s Avg:  1120 Min:     4 Max:  5453 Err:     0 (0.00%)
2020-07-17 11:10:18,026 INFO o.a.j.JMeter: Generating Dashboard
2020-07-17 11:10:18,027 INFO o.a.j.r.d.ReportGenerator: Flushing result collector before report Generation
2020-07-17 11:10:18,059 INFO o.a.j.r.p.NormalizerSampleConsumer: Using format, 'ms', to parse timeStamp field
2020-07-17 11:10:23,388 INFO o.a.j.r.p.AbstractSampleConsumer: class org.apache.jmeter.report.processor.AggregateConsumer#stopProducing(): beginDate produced 0 samples
2020-07-17 11:10:23,388 INFO o.a.j.r.p.AbstractSampleConsumer: class org.apache.jmeter.report.processor.AggregateConsumer#stopProducing(): endDate produced 0 samples
2020-07-17 11:10:23,393 INFO o.a.j.r.p.AbstractSampleConsumer: class org.apache.jmeter.report.processor.ApdexSummaryConsumer#stopProducing(): apdexSummary produced 0 samples
2020-07-17 11:10:23,394 INFO o.a.j.r.p.AbstractSampleConsumer: class org.apache.jmeter.report.processor.RequestsSummaryConsumer#stopProducing(): requestsSummary produced 0 samples
2020-07-17 11:10:23,442 INFO o.a.j.r.p.AbstractSampleConsumer: class org.apache.jmeter.report.processor.StatisticsSummaryConsumer#stopProducing(): statisticsSummary produced 0 samples
2020-07-17 11:10:23,456 INFO o.a.j.r.p.AbstractSampleConsumer: class org.apache.jmeter.report.processor.Top5ErrorsBySamplerConsumer#stopProducing(): top5ErrorsBySampler produced 0 samples
2020-07-17 11:10:23,456 INFO o.a.j.r.p.AbstractSampleConsumer: class org.apache.jmeter.report.processor.ErrorsSummaryConsumer#stopProducing(): errorsSummary produced 0 samples
2020-07-17 11:10:23,456 INFO o.a.j.r.p.AbstractSampleConsumer: class org.apache.jmeter.report.processor.graph.impl.HitsPerSecondGraphConsumer#stopProducing(): hitsPerSecond produced 0 samples
2020-07-17 11:10:24,783 INFO o.a.j.r.p.AbstractSampleConsumer: class org.apache.jmeter.report.processor.graph.impl.LatencyVSRequestGraphConsumer#stopProducing(): latencyVsRequest produced 0 samples
2020-07-17 11:10:24,794 INFO o.a.j.r.p.AbstractSampleConsumer: class org.apache.jmeter.report.processor.graph.impl.SyntheticResponseTimeDistributionGraphConsumer#stopProducing(): syntheticResponseTimeDistribution produced 0 samples
2020-07-17 11:10:24,795 INFO o.a.j.r.p.AbstractSampleConsumer: class org.apache.jmeter.report.processor.graph.impl.BytesThroughputGraphConsumer#stopProducing(): bytesThroughputOverTime produced 0 samples
2020-07-17 11:10:24,795 INFO o.a.j.r.p.AbstractSampleConsumer: class org.apache.jmeter.report.processor.graph.impl.CodesPerSecondGraphConsumer#stopProducing(): codesPerSecond produced 0 samples
2020-07-17 11:10:25,291 INFO o.a.j.r.p.AbstractSampleConsumer: class org.apache.jmeter.report.processor.graph.impl.ResponseTimeVSRequestGraphConsumer#stopProducing(): responseTimeVsRequest produced 0 samples
2020-07-17 11:10:25,295 INFO o.a.j.r.p.AbstractSampleConsumer: class org.apache.jmeter.report.processor.FilterConsumer#stopProducing(): startIntervalControlerFilter produced 420000 samples
2020-07-17 11:10:25,295 INFO o.a.j.r.p.AbstractSampleConsumer: class org.apache.jmeter.report.processor.graph.impl.TotalTPSGraphConsumer#stopProducing(): totalTPS produced 0 samples
2020-07-17 11:10:25,296 INFO o.a.j.r.p.AbstractSampleConsumer: class org.apache.jmeter.report.processor.graph.impl.ActiveThreadsGraphConsumer#stopProducing(): activeThreadsOverTime produced 0 samples
2020-07-17 11:10:25,296 INFO o.a.j.r.p.AbstractSampleConsumer: class org.apache.jmeter.report.processor.graph.impl.TimeVSThreadGraphConsumer#stopProducing(): timeVsThreads produced 0 samples
2020-07-17 11:10:25,298 INFO o.a.j.r.p.AbstractSampleConsumer: class org.apache.jmeter.report.processor.graph.impl.ResponseTimeDistributionGraphConsumer#stopProducing(): responseTimeDistribution produced 0 samples
2020-07-17 11:10:25,298 INFO o.a.j.r.p.AbstractSampleConsumer: class org.apache.jmeter.report.processor.graph.impl.TransactionsPerSecondGraphConsumer#stopProducing(): transactionsPerSecond produced 0 samples
2020-07-17 11:10:25,299 INFO o.a.j.r.p.AbstractSampleConsumer: class org.apache.jmeter.report.processor.graph.impl.ResponseTimePercentilesGraphConsumer#stopProducing(): responseTimePercentiles produced 0 samples
2020-07-17 11:10:25,325 INFO o.a.j.r.p.AbstractSampleConsumer: class org.apache.jmeter.report.processor.graph.impl.ResponseTimePercentilesOverTimeGraphConsumer#stopProducing(): responseTimePercentilesOverTime produced 0 samples
2020-07-17 11:10:25,330 INFO o.a.j.r.p.AbstractSampleConsumer: class org.apache.jmeter.report.processor.graph.impl.ResponseTimeOverTimeGraphConsumer#stopProducing(): responseTimesOverTime produced 0 samples
2020-07-17 11:10:25,330 INFO o.a.j.r.p.AbstractSampleConsumer: class org.apache.jmeter.report.processor.graph.impl.ConnectTimeOverTimeGraphConsumer#stopProducing(): connectTimeOverTime produced 0 samples
2020-07-17 11:10:25,331 INFO o.a.j.r.p.AbstractSampleConsumer: class org.apache.jmeter.report.processor.graph.impl.LatencyOverTimeGraphConsumer#stopProducing(): latenciesOverTime produced 0 samples
2020-07-17 11:10:25,331 INFO o.a.j.r.p.AbstractSampleConsumer: class org.apache.jmeter.report.processor.FilterConsumer#stopProducing(): nameFilter produced 900000 samples
2020-07-17 11:10:25,331 INFO o.a.j.r.p.AbstractSampleConsumer: class org.apache.jmeter.report.processor.FilterConsumer#stopProducing(): dateRangeFilter produced 180000 samples
2020-07-17 11:10:25,331 INFO o.a.j.r.p.AbstractSampleConsumer: class org.apache.jmeter.report.processor.NormalizerSampleConsumer#stopProducing(): normalizer produced 60000 samples
2020-07-17 11:10:25,333 INFO o.a.j.r.p.CsvFileSampleSource: produce(): 60000 samples produced in 7s 207 ms on channel 0
2020-07-17 11:10:25,333 INFO o.a.j.r.d.ReportGenerator: Exporting data using exporter:'json' of className:'org.apache.jmeter.report.dashboard.JsonExporter'
2020-07-17 11:10:25,336 INFO o.a.j.r.d.JsonExporter: Found data for consumer statisticsSummaryin context
2020-07-17 11:10:25,337 INFO o.a.j.r.d.JsonExporter: Creating statistics for overall
2020-07-17 11:10:25,338 INFO o.a.j.r.d.JsonExporter: Creating statistics for other transactions
2020-07-17 11:10:25,339 INFO o.a.j.r.d.JsonExporter: Checking output folder
2020-07-17 11:10:25,339 INFO o.a.j.r.d.JsonExporter: Writing statistics JSON to /home/webengage/kitchen/Apache-Jmeter-WebEngage/bin/../web_report/statistics.json
2020-07-17 11:10:25,647 INFO o.a.j.r.d.ReportGenerator: Exporting data using exporter:'html' of className:'org.apache.jmeter.report.dashboard.HtmlTemplateExporter'
2020-07-17 11:10:25,652 INFO o.a.j.r.d.HtmlTemplateExporter: Will generate dashboard in folder: /home/webengage/kitchen/Apache-Jmeter-WebEngage/bin/../web_report
2020-07-17 11:10:25,923 ERROR f.configuration: DefaultObjectWrapper.incompatibleImprovements was set to the object returned by Configuration.getVersion(). That defeats the purpose of incompatibleImprovements, and makes upgrading FreeMarker a potentially breaking change. Also, this probably won't be allowed starting from 2.4.0. Instead, set incompatibleImprovements to the highest concrete version that's known to be compatible with your application.
2020-07-17 11:10:25,928 ERROR f.configuration: Configuration.incompatibleImprovements was set to the object returned by Configuration.getVersion(). That defeats the purpose of incompatibleImprovements, and makes upgrading FreeMarker a potentially breaking change. Also, this probably won't be allowed starting from 2.4.0. Instead, set incompatibleImprovements to the highest concrete version that's known to be compatible with your application.
2020-07-17 11:10:25,948 INFO o.a.j.r.d.HtmlTemplateExporter: Report will be generated in: /home/webengage/kitchen/Apache-Jmeter-WebEngage/bin/../web_report, creating folder structure
2020-07-17 11:10:25,955 INFO o.a.j.r.d.TemplateVisitor: Copying folder from '/home/webengage/kitchen/Apache-Jmeter-WebEngage/bin/report-template' to '/home/webengage/kitchen/Apache-Jmeter-WebEngage/bin/../web_report', got message: /home/webengage/kitchen/Apache-Jmeter-WebEngage/bin/../web_report, found non empty folder with following content [/home/webengage/kitchen/Apache-Jmeter-WebEngage/bin/../web_report/statistics.json], will be ignored
2020-07-17 11:10:26,391 INFO o.a.j.JMeter: Dashboard generated
