2020-07-16 21:04:06,259 INFO o.a.j.u.JMeterUtils: Setting Locale to en_EN
2020-07-16 21:04:06,289 INFO o.a.j.JMeter: Loading user properties from: /home/webengage/kitchen/Apache-Jmeter-WebEngage/bin/user.properties
2020-07-16 21:04:06,290 INFO o.a.j.JMeter: Loading system properties from: /home/webengage/kitchen/Apache-Jmeter-WebEngage/bin/system.properties
2020-07-16 21:04:06,292 INFO o.a.j.JMeter: Copyright (c) 1998-2020 The Apache Software Foundation
2020-07-16 21:04:06,292 INFO o.a.j.JMeter: Version 5.3
2020-07-16 21:04:06,293 INFO o.a.j.JMeter: java.version=1.8.0_60
2020-07-16 21:04:06,293 INFO o.a.j.JMeter: java.vm.name=Java HotSpot(TM) 64-Bit Server VM
2020-07-16 21:04:06,293 INFO o.a.j.JMeter: os.name=Linux
2020-07-16 21:04:06,293 INFO o.a.j.JMeter: os.arch=amd64
2020-07-16 21:04:06,293 INFO o.a.j.JMeter: os.version=4.14.165-103.209.amzn1.x86_64
2020-07-16 21:04:06,293 INFO o.a.j.JMeter: file.encoding=UTF-8
2020-07-16 21:04:06,293 INFO o.a.j.JMeter: java.awt.headless=true
2020-07-16 21:04:06,294 INFO o.a.j.JMeter: Max memory     =1073741824
2020-07-16 21:04:06,294 INFO o.a.j.JMeter: Available Processors =2
2020-07-16 21:04:06,305 INFO o.a.j.JMeter: Default Locale=English (EN)
2020-07-16 21:04:06,306 INFO o.a.j.JMeter: JMeter  Locale=English (EN)
2020-07-16 21:04:06,306 INFO o.a.j.JMeter: JMeterHome=/home/webengage/kitchen/Apache-Jmeter-WebEngage
2020-07-16 21:04:06,306 INFO o.a.j.JMeter: user.dir  =/home/webengage/kitchen/Apache-Jmeter-WebEngage
2020-07-16 21:04:06,307 INFO o.a.j.JMeter: PWD       =/home/webengage/kitchen/Apache-Jmeter-WebEngage
2020-07-16 21:04:06,308 INFO o.a.j.JMeter: IP: 192.168.218.78 Name: ip-192-168-218-78 FullName: ip-192-168-218-78.ec2.internal
2020-07-16 21:04:06,316 INFO o.a.j.JMeter: Setting property 'jmeter.reportgenerator.outputdir' to:'/home/webengage/kitchen/Apache-Jmeter-WebEngage/results'
2020-07-16 21:04:06,321 INFO o.a.j.s.FileServer: Default base='/home/webengage/kitchen/Apache-Jmeter-WebEngage'
2020-07-16 21:04:06,333 INFO o.a.j.s.FileServer: Set new base='/home/webengage/kitchen/Apache-Jmeter-WebEngage'
2020-07-16 21:04:06,592 INFO o.a.j.s.SaveService: Testplan (JMX) version: 2.2. Testlog (JTL) version: 2.2
2020-07-16 21:04:06,633 INFO o.a.j.s.SaveService: Using SaveService properties file encoding UTF-8
2020-07-16 21:04:06,642 INFO o.a.j.s.SaveService: Using SaveService properties version 5.0
2020-07-16 21:04:06,655 INFO o.a.j.s.SaveService: Loading file: Rate_Limiting_Load_Testing.jmx
2020-07-16 21:04:06,726 INFO o.a.j.p.h.s.HTTPSamplerBase: Parser for text/html is org.apache.jmeter.protocol.http.parser.LagartoBasedHtmlParser
2020-07-16 21:04:06,726 INFO o.a.j.p.h.s.HTTPSamplerBase: Parser for application/xhtml+xml is org.apache.jmeter.protocol.http.parser.LagartoBasedHtmlParser
2020-07-16 21:04:06,726 INFO o.a.j.p.h.s.HTTPSamplerBase: Parser for application/xml is org.apache.jmeter.protocol.http.parser.LagartoBasedHtmlParser
2020-07-16 21:04:06,726 INFO o.a.j.p.h.s.HTTPSamplerBase: Parser for text/xml is org.apache.jmeter.protocol.http.parser.LagartoBasedHtmlParser
2020-07-16 21:04:06,727 INFO o.a.j.p.h.s.HTTPSamplerBase: Parser for text/vnd.wap.wml is org.apache.jmeter.protocol.http.parser.RegexpHTMLParser
2020-07-16 21:04:06,727 INFO o.a.j.p.h.s.HTTPSamplerBase: Parser for text/css is org.apache.jmeter.protocol.http.parser.CssParser
2020-07-16 21:04:06,885 INFO o.a.j.JMeter: Creating summariser <summary>
2020-07-16 21:04:06,899 INFO o.a.j.r.d.ReportGenerator: ReportGenerator will use for Parsing the separator: ','
2020-07-16 21:04:06,899 INFO o.a.j.r.d.ReportGenerator: Will generate report at end of test from  results file: results.xml
2020-07-16 21:04:06,899 INFO o.a.j.r.d.ReportGenerator: Reading report generator properties from: /home/webengage/kitchen/Apache-Jmeter-WebEngage/bin/reportgenerator.properties
2020-07-16 21:04:06,900 INFO o.a.j.r.d.ReportGenerator: Merging with JMeter properties
2020-07-16 21:04:06,913 INFO o.a.j.r.c.ReportGeneratorConfiguration: Property 'jmeter.reportgenerator.temp_dir' not found, using default value 'temp' instead.
2020-07-16 21:04:06,919 INFO o.a.j.r.c.ReportGeneratorConfiguration: Property 'jmeter.reportgenerator.apdex_per_transaction' not found, using default value 'null' instead.
2020-07-16 21:04:06,919 INFO o.a.j.r.c.ReportGeneratorConfiguration: apdex_per_transaction is empty, not APDEX per transaction customization
2020-07-16 21:04:06,919 INFO o.a.j.r.c.ReportGeneratorConfiguration: Property 'jmeter.reportgenerator.sample_filter' not found, using default value 'null' instead.
2020-07-16 21:04:06,920 INFO o.a.j.r.c.ReportGeneratorConfiguration: Property 'jmeter.reportgenerator.report_title' not found, using default value 'null' instead.
2020-07-16 21:04:06,920 INFO o.a.j.r.c.ReportGeneratorConfiguration: Property 'jmeter.reportgenerator.start_date' not found, using default value 'null' instead.
2020-07-16 21:04:06,920 INFO o.a.j.r.c.ReportGeneratorConfiguration: Property 'jmeter.reportgenerator.end_date' not found, using default value 'null' instead.
2020-07-16 21:04:06,920 INFO o.a.j.r.c.ReportGeneratorConfiguration: Property 'jmeter.reportgenerator.date_format' not found, using default value 'null' instead.
2020-07-16 21:04:06,921 INFO o.a.j.r.c.ReportGeneratorConfiguration: Will use date range start date: null, end date: null
2020-07-16 21:04:06,929 INFO o.a.j.r.c.ReportGeneratorConfiguration: Property 'jmeter.reportgenerator.graph.totalTPS.exclude_controllers' not found, using default value 'false' instead.
2020-07-16 21:04:06,929 INFO o.a.j.r.c.ReportGeneratorConfiguration: Property 'jmeter.reportgenerator.graph.activeThreadsOverTime.exclude_controllers' not found, using default value 'false' instead.
2020-07-16 21:04:06,929 INFO o.a.j.r.c.ReportGeneratorConfiguration: Property 'jmeter.reportgenerator.graph.timeVsThreads.exclude_controllers' not found, using default value 'false' instead.
2020-07-16 21:04:06,930 INFO o.a.j.r.c.ReportGeneratorConfiguration: Property 'jmeter.reportgenerator.graph.responseTimeDistribution.exclude_controllers' not found, using default value 'false' instead.
2020-07-16 21:04:06,930 INFO o.a.j.r.c.ReportGeneratorConfiguration: Property 'jmeter.reportgenerator.graph.transactionsPerSecond.exclude_controllers' not found, using default value 'false' instead.
2020-07-16 21:04:06,930 INFO o.a.j.r.c.ReportGeneratorConfiguration: Property 'jmeter.reportgenerator.graph.responseTimePercentiles.exclude_controllers' not found, using default value 'false' instead.
2020-07-16 21:04:06,931 INFO o.a.j.r.c.ReportGeneratorConfiguration: Property 'jmeter.reportgenerator.graph.responseTimePercentilesOverTime.exclude_controllers' not found, using default value 'false' instead.
2020-07-16 21:04:06,931 INFO o.a.j.r.c.ReportGeneratorConfiguration: Property 'jmeter.reportgenerator.graph.responseTimesOverTime.exclude_controllers' not found, using default value 'false' instead.
2020-07-16 21:04:06,931 INFO o.a.j.r.c.ReportGeneratorConfiguration: Property 'jmeter.reportgenerator.graph.connectTimeOverTime.exclude_controllers' not found, using default value 'false' instead.
2020-07-16 21:04:06,932 INFO o.a.j.r.c.ReportGeneratorConfiguration: Property 'jmeter.reportgenerator.graph.latenciesOverTime.exclude_controllers' not found, using default value 'false' instead.
2020-07-16 21:04:06,933 INFO o.a.j.r.c.ReportGeneratorConfiguration: Property 'jmeter.reportgenerator.exporter.json.filters_only_sample_series' not found, using default value 'true' instead.
2020-07-16 21:04:06,933 INFO o.a.j.r.c.ReportGeneratorConfiguration: Property 'jmeter.reportgenerator.exporter.json.series_filter' not found, using default value '' instead.
2020-07-16 21:04:06,934 INFO o.a.j.r.c.ReportGeneratorConfiguration: Property 'jmeter.reportgenerator.exporter.json.show_controllers_only' not found, using default value 'false' instead.
2020-07-16 21:04:06,935 INFO o.a.j.r.c.ReportGeneratorConfiguration: Property 'jmeter.reportgenerator.exporter.html.filters_only_sample_series' not found, using default value 'true' instead.
2020-07-16 21:04:06,935 INFO o.a.j.r.c.ReportGeneratorConfiguration: Property 'jmeter.reportgenerator.exporter.html.series_filter' not found, using default value '' instead.
2020-07-16 21:04:06,935 INFO o.a.j.r.c.ReportGeneratorConfiguration: Property 'jmeter.reportgenerator.exporter.html.show_controllers_only' not found, using default value 'false' instead.
2020-07-16 21:04:06,951 INFO o.a.j.e.StandardJMeterEngine: Running the test!
2020-07-16 21:04:06,952 INFO o.a.j.s.SampleEvent: List of sample_variables: []
2020-07-16 21:04:06,952 INFO o.a.j.s.SampleEvent: List of sample_variables: []
2020-07-16 21:04:06,986 INFO o.a.j.e.u.CompoundVariable: Note: Function class names must contain the string: '.functions.'
2020-07-16 21:04:06,986 INFO o.a.j.e.u.CompoundVariable: Note: Function class names must not contain the string: '.gui.'
2020-07-16 21:04:07,774 INFO o.a.j.r.ResultCollector: Folder at /home/webengage/kitchen/Apache-Jmeter-WebEngage/load-testing/save_user was created
2020-07-16 21:04:07,778 INFO o.a.j.r.ResultCollector: Folder at /home/webengage/kitchen/Apache-Jmeter-WebEngage/load-testing/save_users_bulk was created
2020-07-16 21:04:07,779 INFO o.a.j.r.ResultCollector: Folder at /home/webengage/kitchen/Apache-Jmeter-WebEngage/load-testing/save_event was created
2020-07-16 21:04:07,779 INFO o.a.j.r.ResultCollector: Folder at /home/webengage/kitchen/Apache-Jmeter-WebEngage/load-testing/save_events-bulk was created
2020-07-16 21:04:07,780 INFO o.a.j.r.ResultCollector: Folder at /home/webengage/kitchen/Apache-Jmeter-WebEngage/load-testing/save_business_event was created
2020-07-16 21:04:07,781 INFO o.a.j.r.ResultCollector: Folder at /home/webengage/kitchen/Apache-Jmeter-WebEngage/load-testing/transaction_message was created
2020-07-16 21:04:07,808 INFO o.a.j.JMeter: Running test (1594913647808)
2020-07-16 21:04:07,860 INFO o.a.j.e.StandardJMeterEngine: Starting ThreadGroup: 1 : Thread Group
2020-07-16 21:04:07,861 INFO o.a.j.e.StandardJMeterEngine: Starting 100 threads for group Thread Group.
2020-07-16 21:04:07,861 INFO o.a.j.e.StandardJMeterEngine: Thread will continue on error
2020-07-16 21:04:07,861 INFO o.a.j.t.ThreadGroup: Starting thread group... number=1 threads=100 ramp-up=1 delayedStart=false
2020-07-16 21:04:07,894 INFO o.a.j.t.JMeterThread: Thread started: Thread Group 1-1
2020-07-16 21:04:07,896 INFO o.a.j.t.JMeterThread: Thread started: Thread Group 1-3
2020-07-16 21:04:07,896 INFO o.a.j.t.JMeterThread: Thread started: Thread Group 1-2
2020-07-16 21:04:07,901 INFO o.a.j.t.JMeterThread: Thread started: Thread Group 1-4
2020-07-16 21:04:07,922 INFO o.a.j.t.JMeterThread: Thread started: Thread Group 1-5
2020-07-16 21:04:07,927 INFO o.a.j.t.JMeterThread: Thread started: Thread Group 1-6
2020-07-16 21:04:07,932 INFO o.a.j.t.JMeterThread: Thread started: Thread Group 1-7
2020-07-16 21:04:07,949 INFO o.a.j.t.JMeterThread: Thread started: Thread Group 1-9
2020-07-16 21:04:07,951 INFO o.a.j.t.JMeterThread: Thread started: Thread Group 1-8
2020-07-16 21:04:07,968 INFO o.a.j.t.JMeterThread: Thread started: Thread Group 1-10
2020-07-16 21:04:07,979 INFO o.a.j.p.h.s.HTTPHCAbstractImpl: Local host = ip-192-168-218-78
2020-07-16 21:04:07,985 INFO o.a.j.t.JMeterThread: Thread started: Thread Group 1-11
2020-07-16 21:04:07,992 INFO o.a.j.t.JMeterThread: Thread started: Thread Group 1-12
2020-07-16 21:04:07,996 INFO o.a.j.t.JMeterThread: Thread started: Thread Group 1-13
2020-07-16 21:04:07,999 INFO o.a.j.t.JMeterThread: Thread started: Thread Group 1-14
2020-07-16 21:04:08,006 INFO o.a.j.t.JMeterThread: Thread started: Thread Group 1-15
2020-07-16 21:04:08,018 INFO o.a.j.t.JMeterThread: Thread started: Thread Group 1-16
2020-07-16 21:04:08,021 INFO o.a.j.p.h.s.HTTPHC4Impl: HTTP request retry count = 0
2020-07-16 21:04:08,025 INFO o.a.j.s.SampleResult: Note: Sample TimeStamps are START times
2020-07-16 21:04:08,025 INFO o.a.j.s.SampleResult: sampleresult.default.encoding is set to ISO-8859-1
2020-07-16 21:04:08,025 INFO o.a.j.s.SampleResult: sampleresult.useNanoTime=true
2020-07-16 21:04:08,026 INFO o.a.j.s.SampleResult: sampleresult.nanoThreadSleep=5000
2020-07-16 21:04:08,027 INFO o.a.j.t.JMeterThread: Thread started: Thread Group 1-17
2020-07-16 21:04:08,036 INFO o.a.j.t.JMeterThread: Thread started: Thread Group 1-18
2020-07-16 21:04:08,048 INFO o.a.j.t.JMeterThread: Thread started: Thread Group 1-19
2020-07-16 21:04:08,062 INFO o.a.j.t.JMeterThread: Thread started: Thread Group 1-20
2020-07-16 21:04:08,081 INFO o.a.j.t.JMeterThread: Thread started: Thread Group 1-21
2020-07-16 21:04:08,091 INFO o.a.j.t.JMeterThread: Thread started: Thread Group 1-22
2020-07-16 21:04:08,098 INFO o.a.j.t.JMeterThread: Thread started: Thread Group 1-23
2020-07-16 21:04:08,099 INFO o.a.j.t.JMeterThread: Thread started: Thread Group 1-24
2020-07-16 21:04:08,104 INFO o.a.j.t.JMeterThread: Thread started: Thread Group 1-25
2020-07-16 21:04:08,119 INFO o.a.j.t.JMeterThread: Thread started: Thread Group 1-26
2020-07-16 21:04:08,128 INFO o.a.j.t.JMeterThread: Thread started: Thread Group 1-27
2020-07-16 21:04:08,139 INFO o.a.j.t.JMeterThread: Thread started: Thread Group 1-28
2020-07-16 21:04:08,145 INFO o.a.j.t.JMeterThread: Thread started: Thread Group 1-29
2020-07-16 21:04:08,156 INFO o.a.j.t.JMeterThread: Thread started: Thread Group 1-30
2020-07-16 21:04:08,166 INFO o.a.j.t.JMeterThread: Thread started: Thread Group 1-31
2020-07-16 21:04:08,181 INFO o.a.j.t.JMeterThread: Thread started: Thread Group 1-32
2020-07-16 21:04:08,190 INFO o.a.j.t.JMeterThread: Thread started: Thread Group 1-33
2020-07-16 21:04:08,199 INFO o.a.j.t.JMeterThread: Thread started: Thread Group 1-34
2020-07-16 21:04:08,205 INFO o.a.j.t.JMeterThread: Thread started: Thread Group 1-35
2020-07-16 21:04:08,219 INFO o.a.j.t.JMeterThread: Thread started: Thread Group 1-36
2020-07-16 21:04:08,227 INFO o.a.j.t.JMeterThread: Thread started: Thread Group 1-37
2020-07-16 21:04:08,237 INFO o.a.j.t.JMeterThread: Thread started: Thread Group 1-38
2020-07-16 21:04:08,245 INFO o.a.j.t.JMeterThread: Thread started: Thread Group 1-39
2020-07-16 21:04:08,257 INFO o.a.j.t.JMeterThread: Thread started: Thread Group 1-40
2020-07-16 21:04:08,267 INFO o.a.j.t.JMeterThread: Thread started: Thread Group 1-41
2020-07-16 21:04:08,278 INFO o.a.j.t.JMeterThread: Thread started: Thread Group 1-42
2020-07-16 21:04:08,291 INFO o.a.j.t.JMeterThread: Thread started: Thread Group 1-43
2020-07-16 21:04:08,300 INFO o.a.j.t.JMeterThread: Thread started: Thread Group 1-44
2020-07-16 21:04:08,305 INFO o.a.j.t.JMeterThread: Thread started: Thread Group 1-45
2020-07-16 21:04:08,315 INFO o.a.j.t.JMeterThread: Thread started: Thread Group 1-46
2020-07-16 21:04:08,325 INFO o.a.j.t.JMeterThread: Thread started: Thread Group 1-47
2020-07-16 21:04:08,336 INFO o.a.j.t.JMeterThread: Thread started: Thread Group 1-48
2020-07-16 21:04:08,344 INFO o.a.j.t.JMeterThread: Thread started: Thread Group 1-49
2020-07-16 21:04:08,356 INFO o.a.j.t.JMeterThread: Thread started: Thread Group 1-50
2020-07-16 21:04:08,366 INFO o.a.j.t.JMeterThread: Thread started: Thread Group 1-51
2020-07-16 21:04:08,376 INFO o.a.j.t.JMeterThread: Thread started: Thread Group 1-52
2020-07-16 21:04:08,392 INFO o.a.j.t.JMeterThread: Thread started: Thread Group 1-53
2020-07-16 21:04:08,399 INFO o.a.j.t.JMeterThread: Thread started: Thread Group 1-54
2020-07-16 21:04:08,407 INFO o.a.j.t.JMeterThread: Thread started: Thread Group 1-55
2020-07-16 21:04:08,418 INFO o.a.j.t.JMeterThread: Thread started: Thread Group 1-56
2020-07-16 21:04:08,429 INFO o.a.j.t.JMeterThread: Thread started: Thread Group 1-57
2020-07-16 21:04:08,439 INFO o.a.j.t.ThreadGroup: Started thread group number 1
2020-07-16 21:04:08,439 INFO o.a.j.e.StandardJMeterEngine: All thread groups have been started
2020-07-16 21:04:08,439 INFO o.a.j.t.JMeterThread: Thread started: Thread Group 1-58
2020-07-16 21:04:08,471 INFO o.a.j.t.JMeterThread: Thread started: Thread Group 1-61
2020-07-16 21:04:08,487 INFO o.a.j.t.JMeterThread: Thread started: Thread Group 1-59
2020-07-16 21:04:08,488 INFO o.a.j.t.JMeterThread: Thread started: Thread Group 1-62
2020-07-16 21:04:08,491 INFO o.a.j.t.JMeterThread: Thread started: Thread Group 1-60
2020-07-16 21:04:08,497 INFO o.a.j.t.JMeterThread: Thread started: Thread Group 1-63
2020-07-16 21:04:08,500 INFO o.a.j.t.JMeterThread: Thread started: Thread Group 1-64
2020-07-16 21:04:08,514 INFO o.a.j.t.JMeterThread: Thread started: Thread Group 1-65
2020-07-16 21:04:08,525 INFO o.a.j.t.JMeterThread: Thread started: Thread Group 1-66
2020-07-16 21:04:08,528 INFO o.a.j.t.JMeterThread: Thread started: Thread Group 1-67
2020-07-16 21:04:08,535 INFO o.a.j.t.JMeterThread: Thread started: Thread Group 1-68
2020-07-16 21:04:08,555 INFO o.a.j.t.JMeterThread: Thread started: Thread Group 1-69
2020-07-16 21:04:08,561 INFO o.a.j.t.JMeterThread: Thread started: Thread Group 1-70
2020-07-16 21:04:08,568 INFO o.a.j.t.JMeterThread: Thread started: Thread Group 1-71
2020-07-16 21:04:08,589 INFO o.a.j.t.JMeterThread: Thread started: Thread Group 1-72
2020-07-16 21:04:08,592 INFO o.a.j.t.JMeterThread: Thread started: Thread Group 1-73
2020-07-16 21:04:08,594 INFO o.a.j.t.JMeterThread: Thread started: Thread Group 1-74
2020-07-16 21:04:08,619 INFO o.a.j.t.JMeterThread: Thread started: Thread Group 1-76
2020-07-16 21:04:08,626 INFO o.a.j.t.JMeterThread: Thread started: Thread Group 1-77
2020-07-16 21:04:08,635 INFO o.a.j.t.JMeterThread: Thread started: Thread Group 1-75
2020-07-16 21:04:08,639 INFO o.a.j.t.JMeterThread: Thread started: Thread Group 1-78
2020-07-16 21:04:08,644 INFO o.a.j.t.JMeterThread: Thread started: Thread Group 1-79
2020-07-16 21:04:08,656 INFO o.a.j.t.JMeterThread: Thread started: Thread Group 1-80
2020-07-16 21:04:08,666 INFO o.a.j.t.JMeterThread: Thread started: Thread Group 1-81
2020-07-16 21:04:08,675 INFO o.a.j.t.JMeterThread: Thread started: Thread Group 1-82
2020-07-16 21:04:08,687 INFO o.a.j.t.JMeterThread: Thread started: Thread Group 1-83
2020-07-16 21:04:08,695 INFO o.a.j.t.JMeterThread: Thread started: Thread Group 1-84
2020-07-16 21:04:08,707 INFO o.a.j.t.JMeterThread: Thread started: Thread Group 1-85
2020-07-16 21:04:08,715 INFO o.a.j.t.JMeterThread: Thread started: Thread Group 1-86
2020-07-16 21:04:08,735 INFO o.a.j.t.JMeterThread: Thread started: Thread Group 1-87
2020-07-16 21:04:08,743 INFO o.a.j.t.JMeterThread: Thread started: Thread Group 1-88
2020-07-16 21:04:08,745 INFO o.a.j.t.JMeterThread: Thread started: Thread Group 1-89
2020-07-16 21:04:08,755 INFO o.a.j.t.JMeterThread: Thread started: Thread Group 1-90
2020-07-16 21:04:08,766 INFO o.a.j.t.JMeterThread: Thread started: Thread Group 1-91
2020-07-16 21:04:08,774 INFO o.a.j.t.JMeterThread: Thread started: Thread Group 1-92
2020-07-16 21:04:08,791 INFO o.a.j.t.JMeterThread: Thread started: Thread Group 1-93
2020-07-16 21:04:08,806 INFO o.a.j.t.JMeterThread: Thread started: Thread Group 1-94
2020-07-16 21:04:08,826 INFO o.a.j.t.JMeterThread: Thread started: Thread Group 1-96
2020-07-16 21:04:08,826 INFO o.a.j.t.JMeterThread: Thread started: Thread Group 1-95
2020-07-16 21:04:08,828 INFO o.a.j.t.JMeterThread: Thread started: Thread Group 1-97
2020-07-16 21:04:08,834 INFO o.a.j.t.JMeterThread: Thread started: Thread Group 1-98
2020-07-16 21:04:08,847 INFO o.a.j.t.JMeterThread: Thread started: Thread Group 1-99
2020-07-16 21:04:08,894 INFO o.a.j.t.JMeterThread: Thread started: Thread Group 1-100
2020-07-16 21:04:23,903 INFO o.a.j.u.JsseSSLManager: Using default SSL protocol: TLS
2020-07-16 21:04:23,903 INFO o.a.j.u.JsseSSLManager: SSL session context: per-thread
2020-07-16 21:04:30,013 INFO o.a.j.r.Summariser: summary +    751 in 00:00:22 =   33.8/s Avg:  2505 Min:    14 Max:  8583 Err:     0 (0.00%) Active: 100 Started: 100 Finished: 0
2020-07-16 21:05:00,002 INFO o.a.j.r.Summariser: summary +   1523 in 00:00:30 =   50.8/s Avg:  2009 Min:     8 Max:  7333 Err:     0 (0.00%) Active: 100 Started: 100 Finished: 0
2020-07-16 21:05:00,091 INFO o.a.j.r.Summariser: summary =   2274 in 00:00:52 =   43.6/s Avg:  2173 Min:     8 Max:  8583 Err:     0 (0.00%)
2020-07-16 21:05:30,014 INFO o.a.j.r.Summariser: summary +   1756 in 00:00:30 =   58.5/s Avg:  1719 Min:     7 Max:  6751 Err:     0 (0.00%) Active: 100 Started: 100 Finished: 0
2020-07-16 21:05:30,014 INFO o.a.j.r.Summariser: summary =   4030 in 00:01:22 =   49.0/s Avg:  1975 Min:     7 Max:  8583 Err:     0 (0.00%)
2020-07-16 21:06:00,006 INFO o.a.j.r.Summariser: summary +   1865 in 00:00:30 =   62.2/s Avg:  1595 Min:     7 Max:  6126 Err:     0 (0.00%) Active: 100 Started: 100 Finished: 0
2020-07-16 21:06:00,007 INFO o.a.j.r.Summariser: summary =   5895 in 00:01:52 =   52.5/s Avg:  1855 Min:     7 Max:  8583 Err:     0 (0.00%)
2020-07-16 21:06:30,010 INFO o.a.j.r.Summariser: summary +   2072 in 00:00:30 =   69.1/s Avg:  1417 Min:     6 Max:  5706 Err:     0 (0.00%) Active: 100 Started: 100 Finished: 0
2020-07-16 21:06:30,011 INFO o.a.j.r.Summariser: summary =   7967 in 00:02:22 =   56.0/s Avg:  1741 Min:     6 Max:  8583 Err:     0 (0.00%)
2020-07-16 21:07:00,016 INFO o.a.j.r.Summariser: summary +   2153 in 00:00:30 =   71.8/s Avg:  1419 Min:     6 Max:  5512 Err:     0 (0.00%) Active: 100 Started: 100 Finished: 0
2020-07-16 21:07:00,016 INFO o.a.j.r.Summariser: summary =  10120 in 00:02:52 =   58.8/s Avg:  1673 Min:     6 Max:  8583 Err:     0 (0.00%)
2020-07-16 21:07:30,001 INFO o.a.j.r.Summariser: summary +   2302 in 00:00:30 =   76.8/s Avg:  1315 Min:     5 Max:  5077 Err:     0 (0.00%) Active: 100 Started: 100 Finished: 0
2020-07-16 21:07:30,002 INFO o.a.j.r.Summariser: summary =  12422 in 00:03:22 =   61.4/s Avg:  1606 Min:     5 Max:  8583 Err:     0 (0.00%)
2020-07-16 21:08:00,005 INFO o.a.j.r.Summariser: summary +   2317 in 00:00:30 =   77.2/s Avg:  1306 Min:     5 Max:  5088 Err:     0 (0.00%) Active: 100 Started: 100 Finished: 0
2020-07-16 21:08:00,007 INFO o.a.j.r.Summariser: summary =  14739 in 00:03:52 =   63.5/s Avg:  1559 Min:     5 Max:  8583 Err:     0 (0.00%)
2020-07-16 21:08:30,002 INFO o.a.j.r.Summariser: summary +   2322 in 00:00:30 =   77.4/s Avg:  1286 Min:     5 Max:  5636 Err:     0 (0.00%) Active: 100 Started: 100 Finished: 0
2020-07-16 21:08:30,002 INFO o.a.j.r.Summariser: summary =  17061 in 00:04:22 =   65.1/s Avg:  1522 Min:     5 Max:  8583 Err:     0 (0.00%)
2020-07-16 21:09:00,004 INFO o.a.j.r.Summariser: summary +   2382 in 00:00:30 =   79.4/s Avg:  1272 Min:     5 Max:  5217 Err:     0 (0.00%) Active: 100 Started: 100 Finished: 0
2020-07-16 21:09:00,005 INFO o.a.j.r.Summariser: summary =  19443 in 00:04:52 =   66.5/s Avg:  1491 Min:     5 Max:  8583 Err:     0 (0.00%)
2020-07-16 21:09:30,025 INFO o.a.j.r.Summariser: summary +   2353 in 00:00:30 =   78.4/s Avg:  1258 Min:     5 Max:  5364 Err:     0 (0.00%) Active: 100 Started: 100 Finished: 0
2020-07-16 21:09:30,026 INFO o.a.j.r.Summariser: summary =  21796 in 00:05:22 =   67.6/s Avg:  1466 Min:     5 Max:  8583 Err:     0 (0.00%)
2020-07-16 21:10:00,004 INFO o.a.j.r.Summariser: summary +   2411 in 00:00:30 =   80.4/s Avg:  1239 Min:     5 Max:  5012 Err:     0 (0.00%) Active: 100 Started: 100 Finished: 0
2020-07-16 21:10:00,005 INFO o.a.j.r.Summariser: summary =  24207 in 00:05:52 =   68.7/s Avg:  1443 Min:     5 Max:  8583 Err:     0 (0.00%)
2020-07-16 21:10:30,004 INFO o.a.j.r.Summariser: summary +   2518 in 00:00:30 =   83.9/s Avg:  1196 Min:     5 Max:  4790 Err:     0 (0.00%) Active: 100 Started: 100 Finished: 0
2020-07-16 21:10:30,005 INFO o.a.j.r.Summariser: summary =  26725 in 00:06:22 =   69.9/s Avg:  1420 Min:     5 Max:  8583 Err:     0 (0.00%)
2020-07-16 21:11:00,043 INFO o.a.j.r.Summariser: summary +   2532 in 00:00:30 =   84.3/s Avg:  1185 Min:     5 Max:  4472 Err:     0 (0.00%) Active: 100 Started: 100 Finished: 0
2020-07-16 21:11:00,047 INFO o.a.j.r.Summariser: summary =  29257 in 00:06:52 =   71.0/s Avg:  1400 Min:     5 Max:  8583 Err:     0 (0.00%)
2020-07-16 21:11:30,002 INFO o.a.j.r.Summariser: summary +   2526 in 00:00:30 =   84.3/s Avg:  1178 Min:     5 Max:  4570 Err:     0 (0.00%) Active: 100 Started: 100 Finished: 0
2020-07-16 21:11:30,002 INFO o.a.j.r.Summariser: summary =  31783 in 00:07:22 =   71.9/s Avg:  1382 Min:     5 Max:  8583 Err:     0 (0.00%)
2020-07-16 21:11:44,492 INFO o.a.j.r.ResultCollector: Shutdown hook started
2020-07-16 21:11:44,496 INFO o.a.j.r.ResultCollector: Shutdown hook ended
